[Thu 05/21/2026 14:58:46.31] Starting ThreatScoreIW...
[Thu 05/21/2026 14:58:46.32] Log file: "\\cscso1fsappv01\home\jaskew\HTOC\notebooks\ThreatAssessment Scoring\ThreatScoreIW\logs\threatscoreiw_20260521_145846.log"
[Thu 05/21/2026 14:58:46.39] Installing required packages...
[Thu 05/21/2026 14:58:46.40] Attempting install from wheelhouse
Looking in links: \\cscso1fsappv01\data\HTOC\JA\wheelhouse
Requirement already satisfied: pandas in c:\users\jaskew\appdata\roaming\python\python313\site-packages (2.3.0)
Requirement already satisfied: openpyxl in c:\users\jaskew\appdata\roaming\python\python313\site-packages (3.1.5)
Requirement already satisfied: requests in c:\users\jaskew\appdata\roaming\python\python313\site-packages (2.32.4)
Requirement already satisfied: urllib3 in c:\users\jaskew\appdata\roaming\python\python313\site-packages (2.5.0)
Requirement already satisfied: pytz in c:\users\jaskew\appdata\roaming\python\python313\site-packages (2025.2)
Requirement already satisfied: numpy>=1.26.0 in c:\users\jaskew\appdata\roaming\python\python313\site-packages (from pandas) (2.3.1)
Requirement already satisfied: python-dateutil>=2.8.2 in c:\users\jaskew\appdata\roaming\python\python313\site-packages (from pandas) (2.9.0.post0)
Requirement already satisfied: tzdata>=2022.7 in c:\users\jaskew\appdata\roaming\python\python313\site-packages (from pandas) (2025.2)
Requirement already satisfied: et-xmlfile in c:\users\jaskew\appdata\roaming\python\python313\site-packages (from openpyxl) (2.0.0)
Requirement already satisfied: charset_normalizer<4,>=2 in c:\users\jaskew\appdata\roaming\python\python313\site-packages (from requests) (3.4.2)
Requirement already satisfied: idna<4,>=2.5 in c:\users\jaskew\appdata\roaming\python\python313\site-packages (from requests) (3.10)
Requirement already satisfied: certifi>=2017.4.17 in c:\users\jaskew\appdata\roaming\python\python313\site-packages (from requests) (2025.6.15)
Requirement already satisfied: six>=1.5 in c:\users\jaskew\appdata\roaming\python\python313\site-packages (from python-dateutil>=2.8.2->pandas) (1.17.0)
[Thu 05/21/2026 14:58:46.40] SUCCESS: Packages installed from wheelhouse
[Thu 05/21/2026 14:58:52.97] Executing ThreatScoreIW script...
2026-05-21 14:58:56,405 | INFO | ThreatScoreIW | HTOC data root: \\cscso1fsappv01\data\HTOC
2026-05-21 14:58:57,549 | INFO | ThreatScoreIW | Loaded config from: \\cscso1fsappv01\home\jaskew\HTOC\scripts\Data Movement\ThrearConnect-api-pull\utils\config.json
2026-05-21 14:58:57,549 | INFO | ThreatScoreIW | Base URL: https://hvs.threatconnect.com/api
2026-05-21 14:58:57,550 | INFO | ThreatScoreIW | Access ID: ****************0382
2026-05-21 14:58:57,550 | INFO | ThreatScoreIW | Default Org: HTOC Org
2026-05-21 14:58:57,551 | INFO | ThreatScoreIW | SSL verification disabled: True
2026-05-21 14:58:57,552 | INFO | ThreatScoreIW | ThreatConnect initialized.
2026-05-21 14:58:57,552 | INFO | ThreatScoreIW | RequestObject successfully created (owner=HTOC Org).
2026-05-21 14:59:00,602 | INFO | ThreatScoreIW | Querying indicators (QUERY_LOOKBACK_HOURS=48) cutoff=2026-05-19 18:59:00.602612+00:00 TQL lastObserved>=2026-05-19T18:59:00Z
2026-05-21 14:59:02,848 | INFO | ThreatScoreIW | Fetched 500 indicators (resultStart=0).
2026-05-21 14:59:04,831 | INFO | ThreatScoreIW | Fetched 500 indicators (resultStart=500).
2026-05-21 14:59:08,083 | INFO | ThreatScoreIW | Fetched 427 indicators (resultStart=1000).
2026-05-21 14:59:08,304 | INFO | ThreatScoreIW | Indicator query complete (pages=3).
2026-05-21 14:59:08,307 | INFO | ThreatScoreIW | Normalizing 1427 indicator records.
2026-05-21 14:59:08,475 | INFO | ThreatScoreIW | Threat assess filter ((rating>=3 OR threatAssessRating>=3), confidence>=50) coalescing ('threatAssessRating', 'threatAssess.threatAssessRating', 'rating') / ('threatAssessConfidence', 'threatAssess.threatAssessConfidence', 'confidence'): 857 -> 297 rows.
2026-05-21 14:59:08,476 | INFO | ThreatScoreIW | observed_src ready (rows=297, cols=37).
2026-05-21 14:59:08,476 | INFO | ThreatScoreIW | Reading Excel scores: \\cscso1fsappv01\data\HTOC\Data_Analytics\Data\Threat Assessment Scores\Threat_Assessment_Scores.xlsx
2026-05-21 14:59:10,080 | INFO | ThreatScoreIW | Loaded df (rows=3843, cols=18).
2026-05-21 14:59:10,082 | INFO | ThreatScoreIW | Filtered df by observed_src indicators: 3843 -> 288 rows.
2026-05-21 14:59:10,091 | INFO | ThreatScoreIW | Last Observed filter (ThreatConnect only, >= 2026-05-19 18:59:00.602612+00:00): 288 -> 288 rows.
2026-05-21 14:59:10,093 | INFO | ThreatScoreIW | Updated 'Last Observed' from observed_src.lastObserved (unique indicators=288).
\\cscso1fsappv01\home\jaskew\HTOC\notebooks\ThreatAssessment Scoring\ThreatScoreIW\ThreatScoreIW.py:467: DeprecationWarning: datetime.datetime.utcnow() is deprecated and scheduled for removal in a future version. Use timezone-aware objects to represent datetimes in UTC: datetime.datetime.now(datetime.UTC).
  today = datetime.utcnow()
2026-05-21 14:59:10,101 | INFO | ThreatScoreIW | OpDiv files to load: ['\\\\cscso1fsappv01\\data\\HTOC\\Data_Analytics\\Data\\OpDiv_Observations\\htoc_opdiv_obs_d20260521.csv', '\\\\cscso1fsappv01\\data\\HTOC\\Data_Analytics\\Data\\OpDiv_Observations\\htoc_opdiv_obs_d20260520.csv']
2026-05-21 14:59:10,209 | INFO | ThreatScoreIW | Loaded OpDiv observations from 2 file(s), 5041 rows.
2026-05-21 14:59:10,259 | INFO | ThreatScoreIW | Multi-partner (2+ OpDiv) rows: 216
2026-05-21 14:59:10,261 | INFO | ThreatScoreIW | VT>=14 filter: 193 rows.
2026-05-21 14:59:10,262 | INFO | ThreatScoreIW | final_indicators (high/critical): 3 rows.
2026-05-21 14:59:10,474 | INFO | ThreatScoreIW | Writing Excel output: \\cscso1fsappv01\data\HTOC\Data_Analytics\Data\Threat Assessment Scores\ThreatAssessI_W\ThreatAssessI_W_20260521.xlsx
2026-05-21 14:59:10,593 | INFO | ThreatScoreIW | Excel write succeeded (total=3, I&W No=0, I&W Yes=3).
[Thu 05/21/2026 14:59:11.01] SUCCESS: ThreatScoreIW completed successfully
[Thu 05/21/2026 14:59:11.01] SUCCESS: Excel file found: \\cscso1fsappv01\data\HTOC\Data_Analytics\Data\Threat Assessment Scores\ThreatAssessI_W\ThreatAssessI_W_20260521.xlsx
[Thu 05/21/2026 14:59:11.05] Batch script completed successfully
