[Mon 04/27/2026 13:03:09.27] Starting ThreatScoreIW...
[Mon 04/27/2026 13:03:09.28] Log file: "H:\HTOC\notebooks\ThreatAssessment Scoring\ThreatScoreIW\logs\threatscoreiw_20260427_130309.log"
[Mon 04/27/2026 13:03:09.35] Installing required packages...
[Mon 04/27/2026 13:03:09.36] Attempting install from wheelhouse
Looking in links: \\10.1.4.22\data\HTOC\JA\wheelhouse
Requirement already satisfied: pandas in c:\users\jaskew\appdata\roaming\python\python313\site-packages (2.3.0)
Requirement already satisfied: openpyxl in c:\users\jaskew\appdata\roaming\python\python313\site-packages (3.1.5)
Requirement already satisfied: requests in c:\users\jaskew\appdata\roaming\python\python313\site-packages (2.32.4)
Requirement already satisfied: urllib3 in c:\users\jaskew\appdata\roaming\python\python313\site-packages (2.5.0)
Requirement already satisfied: pytz in c:\users\jaskew\appdata\roaming\python\python313\site-packages (2025.2)
Requirement already satisfied: numpy>=1.26.0 in c:\users\jaskew\appdata\roaming\python\python313\site-packages (from pandas) (2.3.1)
Requirement already satisfied: python-dateutil>=2.8.2 in c:\users\jaskew\appdata\roaming\python\python313\site-packages (from pandas) (2.9.0.post0)
Requirement already satisfied: tzdata>=2022.7 in c:\users\jaskew\appdata\roaming\python\python313\site-packages (from pandas) (2025.2)
Requirement already satisfied: et-xmlfile in c:\users\jaskew\appdata\roaming\python\python313\site-packages (from openpyxl) (2.0.0)
Requirement already satisfied: charset_normalizer<4,>=2 in c:\users\jaskew\appdata\roaming\python\python313\site-packages (from requests) (3.4.2)
Requirement already satisfied: idna<4,>=2.5 in c:\users\jaskew\appdata\roaming\python\python313\site-packages (from requests) (3.10)
Requirement already satisfied: certifi>=2017.4.17 in c:\users\jaskew\appdata\roaming\python\python313\site-packages (from requests) (2025.6.15)
Requirement already satisfied: six>=1.5 in c:\users\jaskew\appdata\roaming\python\python313\site-packages (from python-dateutil>=2.8.2->pandas) (1.17.0)
[Mon 04/27/2026 13:03:09.36] SUCCESS: Packages installed from wheelhouse
[Mon 04/27/2026 13:03:16.53] Executing ThreatScoreIW script...
2026-04-27 13:03:22,040 | INFO | ThreatScoreIW | Loaded config from: H:\HTOC\scripts\Data Movement\ThrearConnect-api-pull\utils\config.json
2026-04-27 13:03:22,041 | INFO | ThreatScoreIW | Base URL: https://hvs.threatconnect.com/api
2026-04-27 13:03:22,042 | INFO | ThreatScoreIW | Access ID: ****************0382
2026-04-27 13:03:22,044 | INFO | ThreatScoreIW | Default Org: HTOC Org
2026-04-27 13:03:22,044 | INFO | ThreatScoreIW | SSL verification disabled: True
2026-04-27 13:03:22,046 | INFO | ThreatScoreIW | ThreatConnect initialized.
2026-04-27 13:03:22,046 | INFO | ThreatScoreIW | RequestObject successfully created (owner=HTOC Org).
2026-04-27 13:03:23,005 | INFO | ThreatScoreIW | Querying indicators (QUERY_LOOKBACK_HOURS=48) cutoff=2026-04-25 17:03:23.005173+00:00 TQL lastObserved>=2026-04-25T17:03:23Z
2026-04-27 13:03:25,425 | INFO | ThreatScoreIW | Fetched 500 indicators (resultStart=0).
2026-04-27 13:03:27,959 | INFO | ThreatScoreIW | Fetched 500 indicators (resultStart=500).
2026-04-27 13:03:29,690 | INFO | ThreatScoreIW | Fetched 424 indicators (resultStart=1000).
2026-04-27 13:03:29,868 | INFO | ThreatScoreIW | Indicator query complete (pages=3).
2026-04-27 13:03:29,871 | INFO | ThreatScoreIW | Normalizing 1424 indicator records.
2026-04-27 13:03:29,933 | INFO | ThreatScoreIW | Threat assess filter ((rating>=3 OR threatAssessRating>=3), confidence>=50) coalescing ('threatAssessRating', 'threatAssess.threatAssessRating') / ('threatAssessConfidence', 'threatAssess.threatAssessConfidence'): 852 -> 251 rows.
2026-04-27 13:03:29,934 | INFO | ThreatScoreIW | observed_src ready (rows=251, cols=36).
2026-04-27 13:03:29,934 | INFO | ThreatScoreIW | Reading Excel scores: Z:\HTOC\Data_Analytics\Data\Threat Assessment Scores\Threat_Assessment_Scores.xlsx
2026-04-27 13:03:31,434 | INFO | ThreatScoreIW | Loaded df (rows=3748, cols=16).
2026-04-27 13:03:31,438 | INFO | ThreatScoreIW | Filtered df by observed_src indicators: 3748 -> 251 rows.
2026-04-27 13:03:31,445 | INFO | ThreatScoreIW | Last Observed filter (ThreatConnect only, >= 2026-04-25 17:03:23.005173+00:00): 251 -> 251 rows.
2026-04-27 13:03:31,447 | INFO | ThreatScoreIW | Updated 'Last Observed' from observed_src.lastObserved (unique indicators=251).
H:\HTOC\notebooks\ThreatAssessment Scoring\ThreatScoreIW\ThreatScoreIW.py:429: DeprecationWarning: datetime.datetime.utcnow() is deprecated and scheduled for removal in a future version. Use timezone-aware objects to represent datetimes in UTC: datetime.datetime.now(datetime.UTC).
  today = datetime.utcnow()
2026-04-27 13:03:31,453 | INFO | ThreatScoreIW | OpDiv files to load: ['Z:/HTOC/Data_Analytics/Data/OpDiv_Observations/htoc_opdiv_obs_d20260427.csv', 'Z:/HTOC/Data_Analytics/Data/OpDiv_Observations/htoc_opdiv_obs_d20260426.csv']
2026-04-27 13:03:31,497 | INFO | ThreatScoreIW | Loaded OpDiv observations from 2 file(s), 5070 rows.
2026-04-27 13:03:31,537 | INFO | ThreatScoreIW | Multi-partner (2+ OpDiv) rows: 180
2026-04-27 13:03:31,539 | INFO | ThreatScoreIW | VT>=14 filter: 24 rows.
2026-04-27 13:03:31,541 | INFO | ThreatScoreIW | final_indicators (high/critical): 8 rows.
2026-04-27 13:03:31,733 | INFO | ThreatScoreIW | Writing Excel output: Z:\HTOC\Data_Analytics\Data\Threat Assessment Scores\ThreatAssessI_W\ThreatAssessI_W_20260427.xlsx
2026-04-27 13:03:31,799 | INFO | ThreatScoreIW | Excel write succeeded (total=8, I&W No=7, I&W Yes=1).
[Mon 04/27/2026 13:03:32.24] SUCCESS: ThreatScoreIW completed successfully
[Mon 04/27/2026 13:03:32.24] SUCCESS: Excel file found: \\10.1.4.22\data\HTOC\Data_Analytics\Data\Threat Assessment Scores\ThreatAssessI_W\ThreatAssessI_W_20260427.xlsx
[Mon 04/27/2026 13:03:32.43] Batch script completed successfully
