[Tue 05/05/2026  7:15:03.77] Starting ThreatScoreIW...
[Tue 05/05/2026  7:15:03.78] Log file: "H:\HTOC\notebooks\ThreatAssessment Scoring\ThreatScoreIW\logs\threatscoreiw_20260505_071503.log"
[Tue 05/05/2026  7:15:03.83] Installing required packages...
[Tue 05/05/2026  7:15:03.84] Attempting install from wheelhouse
Looking in links: \\10.1.4.22\data\HTOC\JA\wheelhouse
Requirement already satisfied: pandas in c:\users\jaskew\appdata\roaming\python\python313\site-packages (2.3.0)
Requirement already satisfied: openpyxl in c:\users\jaskew\appdata\roaming\python\python313\site-packages (3.1.5)
Requirement already satisfied: requests in c:\users\jaskew\appdata\roaming\python\python313\site-packages (2.32.4)
Requirement already satisfied: urllib3 in c:\users\jaskew\appdata\roaming\python\python313\site-packages (2.5.0)
Requirement already satisfied: pytz in c:\users\jaskew\appdata\roaming\python\python313\site-packages (2025.2)
Requirement already satisfied: numpy>=1.26.0 in c:\users\jaskew\appdata\roaming\python\python313\site-packages (from pandas) (2.3.1)
Requirement already satisfied: python-dateutil>=2.8.2 in c:\users\jaskew\appdata\roaming\python\python313\site-packages (from pandas) (2.9.0.post0)
Requirement already satisfied: tzdata>=2022.7 in c:\users\jaskew\appdata\roaming\python\python313\site-packages (from pandas) (2025.2)
Requirement already satisfied: et-xmlfile in c:\users\jaskew\appdata\roaming\python\python313\site-packages (from openpyxl) (2.0.0)
Requirement already satisfied: charset_normalizer<4,>=2 in c:\users\jaskew\appdata\roaming\python\python313\site-packages (from requests) (3.4.2)
Requirement already satisfied: idna<4,>=2.5 in c:\users\jaskew\appdata\roaming\python\python313\site-packages (from requests) (3.10)
Requirement already satisfied: certifi>=2017.4.17 in c:\users\jaskew\appdata\roaming\python\python313\site-packages (from requests) (2025.6.15)
Requirement already satisfied: six>=1.5 in c:\users\jaskew\appdata\roaming\python\python313\site-packages (from python-dateutil>=2.8.2->pandas) (1.17.0)
[Tue 05/05/2026  7:15:03.84] SUCCESS: Packages installed from wheelhouse
[Tue 05/05/2026  7:15:09.48] Executing ThreatScoreIW script...
2026-05-05 07:15:14,102 | INFO | ThreatScoreIW | Loaded config from: H:\HTOC\scripts\Data Movement\ThrearConnect-api-pull\utils\config.json
2026-05-05 07:15:14,103 | INFO | ThreatScoreIW | Base URL: https://hvs.threatconnect.com/api
2026-05-05 07:15:14,103 | INFO | ThreatScoreIW | Access ID: ****************0382
2026-05-05 07:15:14,104 | INFO | ThreatScoreIW | Default Org: HTOC Org
2026-05-05 07:15:14,104 | INFO | ThreatScoreIW | SSL verification disabled: True
2026-05-05 07:15:14,105 | INFO | ThreatScoreIW | ThreatConnect initialized.
2026-05-05 07:15:14,105 | INFO | ThreatScoreIW | RequestObject successfully created (owner=HTOC Org).
2026-05-05 07:15:15,297 | INFO | ThreatScoreIW | Querying indicators (QUERY_LOOKBACK_HOURS=48) cutoff=2026-05-03 11:15:15.297618+00:00 TQL lastObserved>=2026-05-03T11:15:15Z
2026-05-05 07:15:17,886 | INFO | ThreatScoreIW | Fetched 500 indicators (resultStart=0).
2026-05-05 07:15:19,888 | INFO | ThreatScoreIW | Fetched 500 indicators (resultStart=500).
2026-05-05 07:15:21,338 | INFO | ThreatScoreIW | Fetched 316 indicators (resultStart=1000).
2026-05-05 07:15:21,536 | INFO | ThreatScoreIW | Indicator query complete (pages=3).
2026-05-05 07:15:21,541 | INFO | ThreatScoreIW | Normalizing 1316 indicator records.
2026-05-05 07:15:21,610 | INFO | ThreatScoreIW | Threat assess filter ((rating>=3 OR threatAssessRating>=3), confidence>=50) coalescing ('threatAssessRating', 'threatAssess.threatAssessRating') / ('threatAssessConfidence', 'threatAssess.threatAssessConfidence'): 804 -> 218 rows.
2026-05-05 07:15:21,611 | INFO | ThreatScoreIW | observed_src ready (rows=218, cols=37).
2026-05-05 07:15:21,612 | INFO | ThreatScoreIW | Reading Excel scores: Z:\HTOC\Data_Analytics\Data\Threat Assessment Scores\Threat_Assessment_Scores.xlsx
2026-05-05 07:15:22,976 | INFO | ThreatScoreIW | Loaded df (rows=3772, cols=18).
2026-05-05 07:15:22,978 | INFO | ThreatScoreIW | Filtered df by observed_src indicators: 3772 -> 212 rows.
2026-05-05 07:15:22,984 | INFO | ThreatScoreIW | Last Observed filter (ThreatConnect only, >= 2026-05-03 11:15:15.297618+00:00): 212 -> 212 rows.
2026-05-05 07:15:22,986 | INFO | ThreatScoreIW | Updated 'Last Observed' from observed_src.lastObserved (unique indicators=212).
H:\HTOC\notebooks\ThreatAssessment Scoring\ThreatScoreIW\ThreatScoreIW.py:429: DeprecationWarning: datetime.datetime.utcnow() is deprecated and scheduled for removal in a future version. Use timezone-aware objects to represent datetimes in UTC: datetime.datetime.now(datetime.UTC).
  today = datetime.utcnow()
2026-05-05 07:15:22,993 | INFO | ThreatScoreIW | OpDiv files to load: ['Z:/HTOC/Data_Analytics/Data/OpDiv_Observations/htoc_opdiv_obs_d20260505.csv', 'Z:/HTOC/Data_Analytics/Data/OpDiv_Observations/htoc_opdiv_obs_d20260504.csv']
2026-05-05 07:15:23,139 | INFO | ThreatScoreIW | Loaded OpDiv observations from 2 file(s), 5084 rows.
2026-05-05 07:15:23,181 | INFO | ThreatScoreIW | Multi-partner (2+ OpDiv) rows: 169
2026-05-05 07:15:23,183 | INFO | ThreatScoreIW | VT>=14 filter: 26 rows.
2026-05-05 07:15:23,184 | INFO | ThreatScoreIW | final_indicators (high/critical): 3 rows.
2026-05-05 07:15:23,564 | INFO | ThreatScoreIW | Writing Excel output: Z:\HTOC\Data_Analytics\Data\Threat Assessment Scores\ThreatAssessI_W\ThreatAssessI_W_20260505.xlsx
2026-05-05 07:15:23,632 | INFO | ThreatScoreIW | Excel write succeeded (total=3, I&W No=0, I&W Yes=3).
[Tue 05/05/2026  7:15:24.15] SUCCESS: ThreatScoreIW completed successfully
[Tue 05/05/2026  7:15:24.15] SUCCESS: Excel file found: \\10.1.4.22\data\HTOC\Data_Analytics\Data\Threat Assessment Scores\ThreatAssessI_W\ThreatAssessI_W_20260505.xlsx
[Tue 05/05/2026  7:15:24.32] Batch script completed successfully
