[Mon 05/11/2026  7:16:36.48] Starting ThreatScoreIW...
[Mon 05/11/2026  7:16:36.48] Log file: "H:\HTOC\notebooks\ThreatAssessment Scoring\ThreatScoreIW\logs\threatscoreiw_20260511_071636.log"
[Mon 05/11/2026  7:16:36.52] Installing required packages...
[Mon 05/11/2026  7:16:36.53] Attempting install from wheelhouse
Looking in links: \\10.1.4.22\data\HTOC\JA\wheelhouse
Requirement already satisfied: pandas in c:\users\jaskew\appdata\roaming\python\python313\site-packages (2.3.0)
Requirement already satisfied: openpyxl in c:\users\jaskew\appdata\roaming\python\python313\site-packages (3.1.5)
Requirement already satisfied: requests in c:\users\jaskew\appdata\roaming\python\python313\site-packages (2.32.4)
Requirement already satisfied: urllib3 in c:\users\jaskew\appdata\roaming\python\python313\site-packages (2.5.0)
Requirement already satisfied: pytz in c:\users\jaskew\appdata\roaming\python\python313\site-packages (2025.2)
Requirement already satisfied: numpy>=1.26.0 in c:\users\jaskew\appdata\roaming\python\python313\site-packages (from pandas) (2.3.1)
Requirement already satisfied: python-dateutil>=2.8.2 in c:\users\jaskew\appdata\roaming\python\python313\site-packages (from pandas) (2.9.0.post0)
Requirement already satisfied: tzdata>=2022.7 in c:\users\jaskew\appdata\roaming\python\python313\site-packages (from pandas) (2025.2)
Requirement already satisfied: et-xmlfile in c:\users\jaskew\appdata\roaming\python\python313\site-packages (from openpyxl) (2.0.0)
Requirement already satisfied: charset_normalizer<4,>=2 in c:\users\jaskew\appdata\roaming\python\python313\site-packages (from requests) (3.4.2)
Requirement already satisfied: idna<4,>=2.5 in c:\users\jaskew\appdata\roaming\python\python313\site-packages (from requests) (3.10)
Requirement already satisfied: certifi>=2017.4.17 in c:\users\jaskew\appdata\roaming\python\python313\site-packages (from requests) (2025.6.15)
Requirement already satisfied: six>=1.5 in c:\users\jaskew\appdata\roaming\python\python313\site-packages (from python-dateutil>=2.8.2->pandas) (1.17.0)
[Mon 05/11/2026  7:16:36.53] SUCCESS: Packages installed from wheelhouse
[Mon 05/11/2026  7:16:43.33] Executing ThreatScoreIW script...
2026-05-11 07:16:47,980 | INFO | ThreatScoreIW | Loaded config from: H:\HTOC\scripts\Data Movement\ThrearConnect-api-pull\utils\config.json
2026-05-11 07:16:47,981 | INFO | ThreatScoreIW | Base URL: https://hvs.threatconnect.com/api
2026-05-11 07:16:47,982 | INFO | ThreatScoreIW | Access ID: ****************0382
2026-05-11 07:16:47,982 | INFO | ThreatScoreIW | Default Org: HTOC Org
2026-05-11 07:16:47,983 | INFO | ThreatScoreIW | SSL verification disabled: True
2026-05-11 07:16:47,983 | INFO | ThreatScoreIW | ThreatConnect initialized.
2026-05-11 07:16:47,984 | INFO | ThreatScoreIW | RequestObject successfully created (owner=HTOC Org).
2026-05-11 07:16:48,922 | INFO | ThreatScoreIW | Querying indicators (QUERY_LOOKBACK_HOURS=48) cutoff=2026-05-09 11:16:48.922780+00:00 TQL lastObserved>=2026-05-09T11:16:48Z
2026-05-11 07:16:51,362 | INFO | ThreatScoreIW | Fetched 500 indicators (resultStart=0).
2026-05-11 07:16:53,135 | INFO | ThreatScoreIW | Fetched 500 indicators (resultStart=500).
2026-05-11 07:16:54,203 | INFO | ThreatScoreIW | Fetched 291 indicators (resultStart=1000).
2026-05-11 07:16:54,382 | INFO | ThreatScoreIW | Indicator query complete (pages=3).
2026-05-11 07:16:54,385 | INFO | ThreatScoreIW | Normalizing 1291 indicator records.
2026-05-11 07:16:54,458 | INFO | ThreatScoreIW | Threat assess filter ((rating>=3 OR threatAssessRating>=3), confidence>=50) coalescing ('threatAssessRating', 'threatAssess.threatAssessRating') / ('threatAssessConfidence', 'threatAssess.threatAssessConfidence'): 793 -> 220 rows.
2026-05-11 07:16:54,459 | INFO | ThreatScoreIW | observed_src ready (rows=220, cols=35).
2026-05-11 07:16:54,459 | INFO | ThreatScoreIW | Reading Excel scores: Z:\HTOC\Data_Analytics\Data\Threat Assessment Scores\Threat_Assessment_Scores.xlsx
2026-05-11 07:16:56,003 | INFO | ThreatScoreIW | Loaded df (rows=3814, cols=18).
2026-05-11 07:16:56,006 | INFO | ThreatScoreIW | Filtered df by observed_src indicators: 3814 -> 220 rows.
2026-05-11 07:16:56,014 | INFO | ThreatScoreIW | Last Observed filter (ThreatConnect only, >= 2026-05-09 11:16:48.922780+00:00): 220 -> 220 rows.
2026-05-11 07:16:56,016 | INFO | ThreatScoreIW | Updated 'Last Observed' from observed_src.lastObserved (unique indicators=220).
H:\HTOC\notebooks\ThreatAssessment Scoring\ThreatScoreIW\ThreatScoreIW.py:429: DeprecationWarning: datetime.datetime.utcnow() is deprecated and scheduled for removal in a future version. Use timezone-aware objects to represent datetimes in UTC: datetime.datetime.now(datetime.UTC).
  today = datetime.utcnow()
2026-05-11 07:16:56,022 | INFO | ThreatScoreIW | OpDiv files to load: ['Z:/HTOC/Data_Analytics/Data/OpDiv_Observations/htoc_opdiv_obs_d20260511.csv', 'Z:/HTOC/Data_Analytics/Data/OpDiv_Observations/htoc_opdiv_obs_d20260510.csv']
2026-05-11 07:16:56,154 | INFO | ThreatScoreIW | Loaded OpDiv observations from 2 file(s), 4936 rows.
2026-05-11 07:16:56,195 | INFO | ThreatScoreIW | Multi-partner (2+ OpDiv) rows: 163
2026-05-11 07:16:56,197 | INFO | ThreatScoreIW | VT>=14 filter: 142 rows.
2026-05-11 07:16:56,199 | INFO | ThreatScoreIW | final_indicators (high/critical): 2 rows.
2026-05-11 07:16:56,464 | INFO | ThreatScoreIW | Writing Excel output: Z:\HTOC\Data_Analytics\Data\Threat Assessment Scores\ThreatAssessI_W\ThreatAssessI_W_20260511.xlsx
2026-05-11 07:16:56,519 | INFO | ThreatScoreIW | Excel write succeeded (total=2, I&W No=0, I&W Yes=2).
[Mon 05/11/2026  7:16:57.01] SUCCESS: ThreatScoreIW completed successfully
[Mon 05/11/2026  7:16:57.01] SUCCESS: Excel file found: \\10.1.4.22\data\HTOC\Data_Analytics\Data\Threat Assessment Scores\ThreatAssessI_W\ThreatAssessI_W_20260511.xlsx
[Mon 05/11/2026  7:16:57.14] Batch script completed successfully
