[Tue 04/28/2026  7:15:04.85] Starting ThreatScoreIW...
[Tue 04/28/2026  7:15:04.85] Log file: "H:\HTOC\notebooks\ThreatAssessment Scoring\ThreatScoreIW\logs\threatscoreiw_20260428_071504.log"
[Tue 04/28/2026  7:15:04.90] Installing required packages...
[Tue 04/28/2026  7:15:04.90] Attempting install from wheelhouse
Looking in links: \\10.1.4.22\data\HTOC\JA\wheelhouse
Requirement already satisfied: pandas in c:\users\jaskew\appdata\roaming\python\python313\site-packages (2.3.0)
Requirement already satisfied: openpyxl in c:\users\jaskew\appdata\roaming\python\python313\site-packages (3.1.5)
Requirement already satisfied: requests in c:\users\jaskew\appdata\roaming\python\python313\site-packages (2.32.4)
Requirement already satisfied: urllib3 in c:\users\jaskew\appdata\roaming\python\python313\site-packages (2.5.0)
Requirement already satisfied: pytz in c:\users\jaskew\appdata\roaming\python\python313\site-packages (2025.2)
Requirement already satisfied: numpy>=1.26.0 in c:\users\jaskew\appdata\roaming\python\python313\site-packages (from pandas) (2.3.1)
Requirement already satisfied: python-dateutil>=2.8.2 in c:\users\jaskew\appdata\roaming\python\python313\site-packages (from pandas) (2.9.0.post0)
Requirement already satisfied: tzdata>=2022.7 in c:\users\jaskew\appdata\roaming\python\python313\site-packages (from pandas) (2025.2)
Requirement already satisfied: et-xmlfile in c:\users\jaskew\appdata\roaming\python\python313\site-packages (from openpyxl) (2.0.0)
Requirement already satisfied: charset_normalizer<4,>=2 in c:\users\jaskew\appdata\roaming\python\python313\site-packages (from requests) (3.4.2)
Requirement already satisfied: idna<4,>=2.5 in c:\users\jaskew\appdata\roaming\python\python313\site-packages (from requests) (3.10)
Requirement already satisfied: certifi>=2017.4.17 in c:\users\jaskew\appdata\roaming\python\python313\site-packages (from requests) (2025.6.15)
Requirement already satisfied: six>=1.5 in c:\users\jaskew\appdata\roaming\python\python313\site-packages (from python-dateutil>=2.8.2->pandas) (1.17.0)
[Tue 04/28/2026  7:15:04.90] SUCCESS: Packages installed from wheelhouse
[Tue 04/28/2026  7:15:10.07] Executing ThreatScoreIW script...
2026-04-28 07:15:14,601 | INFO | ThreatScoreIW | Loaded config from: H:\HTOC\scripts\Data Movement\ThrearConnect-api-pull\utils\config.json
2026-04-28 07:15:14,602 | INFO | ThreatScoreIW | Base URL: https://hvs.threatconnect.com/api
2026-04-28 07:15:14,602 | INFO | ThreatScoreIW | Access ID: ****************0382
2026-04-28 07:15:14,603 | INFO | ThreatScoreIW | Default Org: HTOC Org
2026-04-28 07:15:14,604 | INFO | ThreatScoreIW | SSL verification disabled: True
2026-04-28 07:15:14,605 | INFO | ThreatScoreIW | ThreatConnect initialized.
2026-04-28 07:15:14,606 | INFO | ThreatScoreIW | RequestObject successfully created (owner=HTOC Org).
2026-04-28 07:15:15,732 | INFO | ThreatScoreIW | Querying indicators (QUERY_LOOKBACK_HOURS=48) cutoff=2026-04-26 11:15:15.732185+00:00 TQL lastObserved>=2026-04-26T11:15:15Z
2026-04-28 07:15:18,578 | INFO | ThreatScoreIW | Fetched 500 indicators (resultStart=0).
2026-04-28 07:15:20,430 | INFO | ThreatScoreIW | Fetched 500 indicators (resultStart=500).
2026-04-28 07:15:21,919 | INFO | ThreatScoreIW | Fetched 390 indicators (resultStart=1000).
2026-04-28 07:15:22,088 | INFO | ThreatScoreIW | Indicator query complete (pages=3).
2026-04-28 07:15:22,090 | INFO | ThreatScoreIW | Normalizing 1390 indicator records.
2026-04-28 07:15:22,152 | INFO | ThreatScoreIW | Threat assess filter ((rating>=3 OR threatAssessRating>=3), confidence>=50) coalescing ('threatAssessRating', 'threatAssess.threatAssessRating') / ('threatAssessConfidence', 'threatAssess.threatAssessConfidence'): 838 -> 245 rows.
2026-04-28 07:15:22,152 | INFO | ThreatScoreIW | observed_src ready (rows=245, cols=36).
2026-04-28 07:15:22,153 | INFO | ThreatScoreIW | Reading Excel scores: Z:\HTOC\Data_Analytics\Data\Threat Assessment Scores\Threat_Assessment_Scores.xlsx
2026-04-28 07:15:23,288 | INFO | ThreatScoreIW | Loaded df (rows=3748, cols=16).
2026-04-28 07:15:23,290 | INFO | ThreatScoreIW | Filtered df by observed_src indicators: 3748 -> 245 rows.
2026-04-28 07:15:23,297 | INFO | ThreatScoreIW | Last Observed filter (ThreatConnect only, >= 2026-04-26 11:15:15.732185+00:00): 245 -> 245 rows.
2026-04-28 07:15:23,298 | INFO | ThreatScoreIW | Updated 'Last Observed' from observed_src.lastObserved (unique indicators=245).
H:\HTOC\notebooks\ThreatAssessment Scoring\ThreatScoreIW\ThreatScoreIW.py:429: DeprecationWarning: datetime.datetime.utcnow() is deprecated and scheduled for removal in a future version. Use timezone-aware objects to represent datetimes in UTC: datetime.datetime.now(datetime.UTC).
  today = datetime.utcnow()
2026-04-28 07:15:23,306 | INFO | ThreatScoreIW | OpDiv files to load: ['Z:/HTOC/Data_Analytics/Data/OpDiv_Observations/htoc_opdiv_obs_d20260427.csv']
2026-04-28 07:15:23,382 | INFO | ThreatScoreIW | Loaded OpDiv observations from 1 file(s), 2807 rows.
2026-04-28 07:15:23,423 | INFO | ThreatScoreIW | Multi-partner (2+ OpDiv) rows: 186
2026-04-28 07:15:23,425 | INFO | ThreatScoreIW | VT>=14 filter: 24 rows.
2026-04-28 07:15:23,426 | INFO | ThreatScoreIW | final_indicators (high/critical): 8 rows.
2026-04-28 07:15:23,853 | INFO | ThreatScoreIW | Writing Excel output: Z:\HTOC\Data_Analytics\Data\Threat Assessment Scores\ThreatAssessI_W\ThreatAssessI_W_20260428.xlsx
2026-04-28 07:15:23,926 | INFO | ThreatScoreIW | Excel write succeeded (total=8, I&W No=7, I&W Yes=1).
[Tue 04/28/2026  7:15:24.35] SUCCESS: ThreatScoreIW completed successfully
[Tue 04/28/2026  7:15:24.35] SUCCESS: Excel file found: \\10.1.4.22\data\HTOC\Data_Analytics\Data\Threat Assessment Scores\ThreatAssessI_W\ThreatAssessI_W_20260428.xlsx
[Tue 04/28/2026  7:15:24.53] Batch script completed successfully
