[Mon 05/11/2026  7:15:04.46] Starting ThreatScoreIW...
[Mon 05/11/2026  7:15:04.47] Log file: "H:\HTOC\notebooks\ThreatAssessment Scoring\ThreatScoreIW\logs\threatscoreiw_20260511_071504.log"
[Mon 05/11/2026  7:15:04.59] Installing required packages...
[Mon 05/11/2026  7:15:04.60] Attempting install from wheelhouse
Looking in links: \\10.1.4.22\data\HTOC\JA\wheelhouse
Requirement already satisfied: pandas in c:\users\jaskew\appdata\roaming\python\python313\site-packages (2.3.0)
Requirement already satisfied: openpyxl in c:\users\jaskew\appdata\roaming\python\python313\site-packages (3.1.5)
Requirement already satisfied: requests in c:\users\jaskew\appdata\roaming\python\python313\site-packages (2.32.4)
Requirement already satisfied: urllib3 in c:\users\jaskew\appdata\roaming\python\python313\site-packages (2.5.0)
Requirement already satisfied: pytz in c:\users\jaskew\appdata\roaming\python\python313\site-packages (2025.2)
Requirement already satisfied: numpy>=1.26.0 in c:\users\jaskew\appdata\roaming\python\python313\site-packages (from pandas) (2.3.1)
Requirement already satisfied: python-dateutil>=2.8.2 in c:\users\jaskew\appdata\roaming\python\python313\site-packages (from pandas) (2.9.0.post0)
Requirement already satisfied: tzdata>=2022.7 in c:\users\jaskew\appdata\roaming\python\python313\site-packages (from pandas) (2025.2)
Requirement already satisfied: et-xmlfile in c:\users\jaskew\appdata\roaming\python\python313\site-packages (from openpyxl) (2.0.0)
Requirement already satisfied: charset_normalizer<4,>=2 in c:\users\jaskew\appdata\roaming\python\python313\site-packages (from requests) (3.4.2)
Requirement already satisfied: idna<4,>=2.5 in c:\users\jaskew\appdata\roaming\python\python313\site-packages (from requests) (3.10)
Requirement already satisfied: certifi>=2017.4.17 in c:\users\jaskew\appdata\roaming\python\python313\site-packages (from requests) (2025.6.15)
Requirement already satisfied: six>=1.5 in c:\users\jaskew\appdata\roaming\python\python313\site-packages (from python-dateutil>=2.8.2->pandas) (1.17.0)
[Mon 05/11/2026  7:15:04.60] SUCCESS: Packages installed from wheelhouse
[Mon 05/11/2026  7:15:10.39] Executing ThreatScoreIW script...
2026-05-11 07:15:15,021 | INFO | ThreatScoreIW | Loaded config from: H:\HTOC\scripts\Data Movement\ThrearConnect-api-pull\utils\config.json
2026-05-11 07:15:15,022 | INFO | ThreatScoreIW | Base URL: https://hvs.threatconnect.com/api
2026-05-11 07:15:15,023 | INFO | ThreatScoreIW | Access ID: ****************0382
2026-05-11 07:15:15,023 | INFO | ThreatScoreIW | Default Org: HTOC Org
2026-05-11 07:15:15,024 | INFO | ThreatScoreIW | SSL verification disabled: True
2026-05-11 07:15:15,024 | INFO | ThreatScoreIW | ThreatConnect initialized.
2026-05-11 07:15:15,025 | INFO | ThreatScoreIW | RequestObject successfully created (owner=HTOC Org).
2026-05-11 07:15:16,282 | INFO | ThreatScoreIW | Querying indicators (QUERY_LOOKBACK_HOURS=48) cutoff=2026-05-09 11:15:16.281863+00:00 TQL lastObserved>=2026-05-09T11:15:16Z
2026-05-11 07:15:18,774 | INFO | ThreatScoreIW | Fetched 500 indicators (resultStart=0).
2026-05-11 07:15:21,647 | INFO | ThreatScoreIW | Fetched 500 indicators (resultStart=500).
2026-05-11 07:15:22,689 | INFO | ThreatScoreIW | Fetched 291 indicators (resultStart=1000).
2026-05-11 07:15:22,865 | INFO | ThreatScoreIW | Indicator query complete (pages=3).
2026-05-11 07:15:22,866 | INFO | ThreatScoreIW | Normalizing 1291 indicator records.
2026-05-11 07:15:22,924 | INFO | ThreatScoreIW | Threat assess filter ((rating>=3 OR threatAssessRating>=3), confidence>=50) coalescing ('threatAssessRating', 'threatAssess.threatAssessRating') / ('threatAssessConfidence', 'threatAssess.threatAssessConfidence'): 793 -> 220 rows.
2026-05-11 07:15:22,925 | INFO | ThreatScoreIW | observed_src ready (rows=220, cols=35).
2026-05-11 07:15:22,933 | INFO | ThreatScoreIW | Reading Excel scores: Z:\HTOC\Data_Analytics\Data\Threat Assessment Scores\Threat_Assessment_Scores.xlsx
2026-05-11 07:15:24,662 | INFO | ThreatScoreIW | Loaded df (rows=3789, cols=18).
2026-05-11 07:15:24,665 | INFO | ThreatScoreIW | Filtered df by observed_src indicators: 3789 -> 211 rows.
2026-05-11 07:15:24,672 | INFO | ThreatScoreIW | Last Observed filter (ThreatConnect only, >= 2026-05-09 11:15:16.281863+00:00): 211 -> 211 rows.
2026-05-11 07:15:24,675 | INFO | ThreatScoreIW | Updated 'Last Observed' from observed_src.lastObserved (unique indicators=211).
H:\HTOC\notebooks\ThreatAssessment Scoring\ThreatScoreIW\ThreatScoreIW.py:429: DeprecationWarning: datetime.datetime.utcnow() is deprecated and scheduled for removal in a future version. Use timezone-aware objects to represent datetimes in UTC: datetime.datetime.now(datetime.UTC).
  today = datetime.utcnow()
2026-05-11 07:15:24,706 | INFO | ThreatScoreIW | OpDiv files to load: ['Z:/HTOC/Data_Analytics/Data/OpDiv_Observations/htoc_opdiv_obs_d20260511.csv', 'Z:/HTOC/Data_Analytics/Data/OpDiv_Observations/htoc_opdiv_obs_d20260510.csv']
2026-05-11 07:15:24,750 | INFO | ThreatScoreIW | Loaded OpDiv observations from 2 file(s), 4936 rows.
2026-05-11 07:15:24,788 | INFO | ThreatScoreIW | Multi-partner (2+ OpDiv) rows: 160
2026-05-11 07:15:24,791 | INFO | ThreatScoreIW | VT>=14 filter: 141 rows.
2026-05-11 07:15:24,792 | INFO | ThreatScoreIW | final_indicators (high/critical): 3 rows.
2026-05-11 07:15:24,913 | INFO | ThreatScoreIW | Writing Excel output: Z:\HTOC\Data_Analytics\Data\Threat Assessment Scores\ThreatAssessI_W\ThreatAssessI_W_20260511.xlsx
2026-05-11 07:15:24,983 | INFO | ThreatScoreIW | Excel write succeeded (total=3, I&W No=0, I&W Yes=3).
[Mon 05/11/2026  7:15:25.38] SUCCESS: ThreatScoreIW completed successfully
[Mon 05/11/2026  7:15:25.38] SUCCESS: Excel file found: \\10.1.4.22\data\HTOC\Data_Analytics\Data\Threat Assessment Scores\ThreatAssessI_W\ThreatAssessI_W_20260511.xlsx
[Mon 05/11/2026  7:15:25.57] Batch script completed successfully
