[Tue 05/12/2026  7:15:04.37] Starting ThreatScoreIW...
[Tue 05/12/2026  7:15:04.38] Log file: "H:\HTOC\notebooks\ThreatAssessment Scoring\ThreatScoreIW\logs\threatscoreiw_20260512_071504.log"
[Tue 05/12/2026  7:15:04.48] Installing required packages...
[Tue 05/12/2026  7:15:04.49] Attempting install from wheelhouse
Looking in links: \\10.1.4.22\data\HTOC\JA\wheelhouse
Requirement already satisfied: pandas in c:\users\jaskew\appdata\roaming\python\python313\site-packages (2.3.0)
Requirement already satisfied: openpyxl in c:\users\jaskew\appdata\roaming\python\python313\site-packages (3.1.5)
Requirement already satisfied: requests in c:\users\jaskew\appdata\roaming\python\python313\site-packages (2.32.4)
Requirement already satisfied: urllib3 in c:\users\jaskew\appdata\roaming\python\python313\site-packages (2.5.0)
Requirement already satisfied: pytz in c:\users\jaskew\appdata\roaming\python\python313\site-packages (2025.2)
Requirement already satisfied: numpy>=1.26.0 in c:\users\jaskew\appdata\roaming\python\python313\site-packages (from pandas) (2.3.1)
Requirement already satisfied: python-dateutil>=2.8.2 in c:\users\jaskew\appdata\roaming\python\python313\site-packages (from pandas) (2.9.0.post0)
Requirement already satisfied: tzdata>=2022.7 in c:\users\jaskew\appdata\roaming\python\python313\site-packages (from pandas) (2025.2)
Requirement already satisfied: et-xmlfile in c:\users\jaskew\appdata\roaming\python\python313\site-packages (from openpyxl) (2.0.0)
Requirement already satisfied: charset_normalizer<4,>=2 in c:\users\jaskew\appdata\roaming\python\python313\site-packages (from requests) (3.4.2)
Requirement already satisfied: idna<4,>=2.5 in c:\users\jaskew\appdata\roaming\python\python313\site-packages (from requests) (3.10)
Requirement already satisfied: certifi>=2017.4.17 in c:\users\jaskew\appdata\roaming\python\python313\site-packages (from requests) (2025.6.15)
Requirement already satisfied: six>=1.5 in c:\users\jaskew\appdata\roaming\python\python313\site-packages (from python-dateutil>=2.8.2->pandas) (1.17.0)
[Tue 05/12/2026  7:15:04.49] SUCCESS: Packages installed from wheelhouse
[Tue 05/12/2026  7:15:09.91] Executing ThreatScoreIW script...
2026-05-12 07:15:14,119 | INFO | ThreatScoreIW | Loaded config from: H:\HTOC\scripts\Data Movement\ThrearConnect-api-pull\utils\config.json
2026-05-12 07:15:14,120 | INFO | ThreatScoreIW | Base URL: https://hvs.threatconnect.com/api
2026-05-12 07:15:14,121 | INFO | ThreatScoreIW | Access ID: ****************0382
2026-05-12 07:15:14,121 | INFO | ThreatScoreIW | Default Org: HTOC Org
2026-05-12 07:15:14,122 | INFO | ThreatScoreIW | SSL verification disabled: True
2026-05-12 07:15:14,122 | INFO | ThreatScoreIW | ThreatConnect initialized.
2026-05-12 07:15:14,123 | INFO | ThreatScoreIW | RequestObject successfully created (owner=HTOC Org).
2026-05-12 07:15:15,263 | INFO | ThreatScoreIW | Querying indicators (QUERY_LOOKBACK_HOURS=48) cutoff=2026-05-10 11:15:15.263265+00:00 TQL lastObserved>=2026-05-10T11:15:15Z
2026-05-12 07:15:17,565 | INFO | ThreatScoreIW | Fetched 500 indicators (resultStart=0).
2026-05-12 07:15:19,498 | INFO | ThreatScoreIW | Fetched 500 indicators (resultStart=500).
2026-05-12 07:15:21,420 | INFO | ThreatScoreIW | Fetched 329 indicators (resultStart=1000).
2026-05-12 07:15:22,057 | INFO | ThreatScoreIW | Indicator query complete (pages=3).
2026-05-12 07:15:22,060 | INFO | ThreatScoreIW | Normalizing 1329 indicator records.
2026-05-12 07:15:22,125 | INFO | ThreatScoreIW | Threat assess filter ((rating>=3 OR threatAssessRating>=3), confidence>=50) coalescing ('threatAssessRating', 'threatAssess.threatAssessRating') / ('threatAssessConfidence', 'threatAssess.threatAssessConfidence'): 805 -> 222 rows.
2026-05-12 07:15:22,127 | INFO | ThreatScoreIW | observed_src ready (rows=222, cols=37).
2026-05-12 07:15:22,128 | INFO | ThreatScoreIW | Reading Excel scores: Z:\HTOC\Data_Analytics\Data\Threat Assessment Scores\Threat_Assessment_Scores.xlsx
2026-05-12 07:15:23,490 | INFO | ThreatScoreIW | Loaded df (rows=3814, cols=18).
2026-05-12 07:15:23,495 | INFO | ThreatScoreIW | Filtered df by observed_src indicators: 3814 -> 217 rows.
2026-05-12 07:15:23,507 | INFO | ThreatScoreIW | Last Observed filter (ThreatConnect only, >= 2026-05-10 11:15:15.263265+00:00): 217 -> 217 rows.
2026-05-12 07:15:23,509 | INFO | ThreatScoreIW | Updated 'Last Observed' from observed_src.lastObserved (unique indicators=217).
H:\HTOC\notebooks\ThreatAssessment Scoring\ThreatScoreIW\ThreatScoreIW.py:429: DeprecationWarning: datetime.datetime.utcnow() is deprecated and scheduled for removal in a future version. Use timezone-aware objects to represent datetimes in UTC: datetime.datetime.now(datetime.UTC).
  today = datetime.utcnow()
2026-05-12 07:15:23,521 | INFO | ThreatScoreIW | OpDiv files to load: ['Z:/HTOC/Data_Analytics/Data/OpDiv_Observations/htoc_opdiv_obs_d20260512.csv', 'Z:/HTOC/Data_Analytics/Data/OpDiv_Observations/htoc_opdiv_obs_d20260511.csv']
2026-05-12 07:15:23,641 | INFO | ThreatScoreIW | Loaded OpDiv observations from 2 file(s), 4903 rows.
2026-05-12 07:15:23,687 | INFO | ThreatScoreIW | Multi-partner (2+ OpDiv) rows: 172
2026-05-12 07:15:23,689 | INFO | ThreatScoreIW | VT>=14 filter: 149 rows.
2026-05-12 07:15:23,690 | INFO | ThreatScoreIW | final_indicators (high/critical): 4 rows.
2026-05-12 07:15:24,083 | INFO | ThreatScoreIW | Writing Excel output: Z:\HTOC\Data_Analytics\Data\Threat Assessment Scores\ThreatAssessI_W\ThreatAssessI_W_20260512.xlsx
2026-05-12 07:15:24,162 | INFO | ThreatScoreIW | Excel write succeeded (total=4, I&W No=1, I&W Yes=3).
[Tue 05/12/2026  7:15:24.59] SUCCESS: ThreatScoreIW completed successfully
[Tue 05/12/2026  7:15:24.59] SUCCESS: Excel file found: \\10.1.4.22\data\HTOC\Data_Analytics\Data\Threat Assessment Scores\ThreatAssessI_W\ThreatAssessI_W_20260512.xlsx
[Tue 05/12/2026  7:15:24.82] Batch script completed successfully
