[Mon 04/27/2026  7:29:08.65] Starting ThreatScoreIW...
[Mon 04/27/2026  7:29:08.66] Log file: "H:\HTOC\notebooks\ThreatAssessment Scoring\ThreatScoreIW\logs\threatscoreiw_20260427_072908.log"
[Mon 04/27/2026  7:29:08.79] Installing required packages...
[Mon 04/27/2026  7:29:08.80] Attempting install from wheelhouse
Looking in links: z:\HTOC\JA\wheelhouse
Requirement already satisfied: pandas in c:\users\jaskew\appdata\roaming\python\python313\site-packages (2.3.0)
Requirement already satisfied: openpyxl in c:\users\jaskew\appdata\roaming\python\python313\site-packages (3.1.5)
Requirement already satisfied: requests in c:\users\jaskew\appdata\roaming\python\python313\site-packages (2.32.4)
Requirement already satisfied: urllib3 in c:\users\jaskew\appdata\roaming\python\python313\site-packages (2.5.0)
Requirement already satisfied: pytz in c:\users\jaskew\appdata\roaming\python\python313\site-packages (2025.2)
Requirement already satisfied: numpy>=1.26.0 in c:\users\jaskew\appdata\roaming\python\python313\site-packages (from pandas) (2.3.1)
Requirement already satisfied: python-dateutil>=2.8.2 in c:\users\jaskew\appdata\roaming\python\python313\site-packages (from pandas) (2.9.0.post0)
Requirement already satisfied: tzdata>=2022.7 in c:\users\jaskew\appdata\roaming\python\python313\site-packages (from pandas) (2025.2)
Requirement already satisfied: et-xmlfile in c:\users\jaskew\appdata\roaming\python\python313\site-packages (from openpyxl) (2.0.0)
Requirement already satisfied: charset_normalizer<4,>=2 in c:\users\jaskew\appdata\roaming\python\python313\site-packages (from requests) (3.4.2)
Requirement already satisfied: idna<4,>=2.5 in c:\users\jaskew\appdata\roaming\python\python313\site-packages (from requests) (3.10)
Requirement already satisfied: certifi>=2017.4.17 in c:\users\jaskew\appdata\roaming\python\python313\site-packages (from requests) (2025.6.15)
Requirement already satisfied: six>=1.5 in c:\users\jaskew\appdata\roaming\python\python313\site-packages (from python-dateutil>=2.8.2->pandas) (1.17.0)
[Mon 04/27/2026  7:29:08.80] SUCCESS: Packages installed from wheelhouse
[Mon 04/27/2026  7:29:15.86] Executing ThreatScoreIW script...
2026-04-27 07:29:20,412 | INFO | ThreatScoreIW | Loaded config from: H:\HTOC\scripts\Data Movement\ThrearConnect-api-pull\utils\config.json
2026-04-27 07:29:20,413 | INFO | ThreatScoreIW | Base URL: https://hvs.threatconnect.com/api
2026-04-27 07:29:20,413 | INFO | ThreatScoreIW | Access ID: ****************0382
2026-04-27 07:29:20,414 | INFO | ThreatScoreIW | Default Org: HTOC Org
2026-04-27 07:29:20,414 | INFO | ThreatScoreIW | SSL verification disabled: True
2026-04-27 07:29:20,415 | INFO | ThreatScoreIW | ThreatConnect initialized.
2026-04-27 07:29:20,415 | INFO | ThreatScoreIW | RequestObject successfully created (owner=HTOC Org).
2026-04-27 07:29:21,400 | INFO | ThreatScoreIW | Querying indicators (QUERY_LOOKBACK_HOURS=48) cutoff=2026-04-25 11:29:21.399866+00:00 TQL lastObserved>=2026-04-25T11:29:21Z
2026-04-27 07:29:24,107 | INFO | ThreatScoreIW | Fetched 500 indicators (resultStart=0).
2026-04-27 07:29:26,084 | INFO | ThreatScoreIW | Fetched 500 indicators (resultStart=500).
2026-04-27 07:29:27,474 | INFO | ThreatScoreIW | Fetched 379 indicators (resultStart=1000).
2026-04-27 07:29:27,623 | INFO | ThreatScoreIW | Indicator query complete (pages=3).
2026-04-27 07:29:27,628 | INFO | ThreatScoreIW | Normalizing 1379 indicator records.
2026-04-27 07:29:27,704 | INFO | ThreatScoreIW | Threat assess filter ((rating>=3 OR threatAssessRating>=3), confidence>=50) coalescing ('threatAssessRating', 'threatAssess.threatAssessRating') / ('threatAssessConfidence', 'threatAssess.threatAssessConfidence'): 827 -> 239 rows.
2026-04-27 07:29:27,704 | INFO | ThreatScoreIW | observed_src ready (rows=239, cols=36).
2026-04-27 07:29:27,705 | INFO | ThreatScoreIW | Reading Excel scores: Z:\HTOC\Data_Analytics\Data\Threat Assessment Scores\Threat_Assessment_Scores.xlsx
2026-04-27 07:29:29,188 | INFO | ThreatScoreIW | Loaded df (rows=3705, cols=16).
2026-04-27 07:29:29,191 | INFO | ThreatScoreIW | Filtered df by observed_src indicators: 3705 -> 230 rows.
2026-04-27 07:29:29,198 | INFO | ThreatScoreIW | Last Observed filter (ThreatConnect only, >= 2026-04-25 11:29:21.399866+00:00): 230 -> 230 rows.
2026-04-27 07:29:29,200 | INFO | ThreatScoreIW | Updated 'Last Observed' from observed_src.lastObserved (unique indicators=230).
H:\HTOC\notebooks\ThreatAssessment Scoring\ThreatScoreIW\ThreatScoreIW.py:429: DeprecationWarning: datetime.datetime.utcnow() is deprecated and scheduled for removal in a future version. Use timezone-aware objects to represent datetimes in UTC: datetime.datetime.now(datetime.UTC).
  today = datetime.utcnow()
2026-04-27 07:29:29,207 | INFO | ThreatScoreIW | OpDiv files to load: ['Z:/HTOC/Data_Analytics/Data/OpDiv_Observations/htoc_opdiv_obs_d20260427.csv', 'Z:/HTOC/Data_Analytics/Data/OpDiv_Observations/htoc_opdiv_obs_d20260426.csv']
2026-04-27 07:29:29,312 | INFO | ThreatScoreIW | Loaded OpDiv observations from 2 file(s), 5070 rows.
2026-04-27 07:29:29,342 | INFO | ThreatScoreIW | Multi-partner (2+ OpDiv) rows: 178
2026-04-27 07:29:29,344 | INFO | ThreatScoreIW | VT>=14 filter: 29 rows.
2026-04-27 07:29:29,346 | INFO | ThreatScoreIW | final_indicators (high/critical): 29 rows.
2026-04-27 07:29:29,623 | INFO | ThreatScoreIW | Writing Excel output: Z:\HTOC\Data_Analytics\Data\Threat Assessment Scores\ThreatAssessI_W\ThreatAssessI_W_20260427.xlsx
2026-04-27 07:29:29,701 | INFO | ThreatScoreIW | Excel write succeeded (total=29, I&W No=23, I&W Yes=6).
[Mon 04/27/2026  7:29:30.04] SUCCESS: ThreatScoreIW completed successfully
[Mon 04/27/2026  7:29:30.04] SUCCESS: Excel file found: Z:\HTOC\Data_Analytics\Data\Threat Assessment Scores\ThreatAssessI_W\ThreatAssessI_W_20260427.xlsx
[Mon 04/27/2026  7:29:30.19] Batch script completed successfully
