[Mon 05/04/2026  7:16:05.31] Starting ThreatScoreIW...
[Mon 05/04/2026  7:16:05.32] Log file: "H:\HTOC\notebooks\ThreatAssessment Scoring\ThreatScoreIW\logs\threatscoreiw_20260504_071605.log"
[Mon 05/04/2026  7:16:05.41] Installing required packages...
[Mon 05/04/2026  7:16:05.41] Attempting install from wheelhouse
Looking in links: \\10.1.4.22\data\HTOC\JA\wheelhouse
Requirement already satisfied: pandas in c:\users\jaskew\appdata\roaming\python\python313\site-packages (2.3.0)
Requirement already satisfied: openpyxl in c:\users\jaskew\appdata\roaming\python\python313\site-packages (3.1.5)
Requirement already satisfied: requests in c:\users\jaskew\appdata\roaming\python\python313\site-packages (2.32.4)
Requirement already satisfied: urllib3 in c:\users\jaskew\appdata\roaming\python\python313\site-packages (2.5.0)
Requirement already satisfied: pytz in c:\users\jaskew\appdata\roaming\python\python313\site-packages (2025.2)
Requirement already satisfied: numpy>=1.26.0 in c:\users\jaskew\appdata\roaming\python\python313\site-packages (from pandas) (2.3.1)
Requirement already satisfied: python-dateutil>=2.8.2 in c:\users\jaskew\appdata\roaming\python\python313\site-packages (from pandas) (2.9.0.post0)
Requirement already satisfied: tzdata>=2022.7 in c:\users\jaskew\appdata\roaming\python\python313\site-packages (from pandas) (2025.2)
Requirement already satisfied: et-xmlfile in c:\users\jaskew\appdata\roaming\python\python313\site-packages (from openpyxl) (2.0.0)
Requirement already satisfied: charset_normalizer<4,>=2 in c:\users\jaskew\appdata\roaming\python\python313\site-packages (from requests) (3.4.2)
Requirement already satisfied: idna<4,>=2.5 in c:\users\jaskew\appdata\roaming\python\python313\site-packages (from requests) (3.10)
Requirement already satisfied: certifi>=2017.4.17 in c:\users\jaskew\appdata\roaming\python\python313\site-packages (from requests) (2025.6.15)
Requirement already satisfied: six>=1.5 in c:\users\jaskew\appdata\roaming\python\python313\site-packages (from python-dateutil>=2.8.2->pandas) (1.17.0)
[Mon 05/04/2026  7:16:05.41] SUCCESS: Packages installed from wheelhouse
[Mon 05/04/2026  7:16:14.53] Executing ThreatScoreIW script...
2026-05-04 07:16:19,478 | INFO | ThreatScoreIW | Loaded config from: H:\HTOC\scripts\Data Movement\ThrearConnect-api-pull\utils\config.json
2026-05-04 07:16:19,479 | INFO | ThreatScoreIW | Base URL: https://hvs.threatconnect.com/api
2026-05-04 07:16:19,479 | INFO | ThreatScoreIW | Access ID: ****************0382
2026-05-04 07:16:19,480 | INFO | ThreatScoreIW | Default Org: HTOC Org
2026-05-04 07:16:19,481 | INFO | ThreatScoreIW | SSL verification disabled: True
2026-05-04 07:16:19,481 | INFO | ThreatScoreIW | ThreatConnect initialized.
2026-05-04 07:16:19,482 | INFO | ThreatScoreIW | RequestObject successfully created (owner=HTOC Org).
2026-05-04 07:16:20,928 | INFO | ThreatScoreIW | Querying indicators (QUERY_LOOKBACK_HOURS=48) cutoff=2026-05-02 11:16:20.927893+00:00 TQL lastObserved>=2026-05-02T11:16:20Z
2026-05-04 07:16:23,592 | INFO | ThreatScoreIW | Fetched 500 indicators (resultStart=0).
2026-05-04 07:16:25,868 | INFO | ThreatScoreIW | Fetched 500 indicators (resultStart=500).
2026-05-04 07:16:28,050 | INFO | ThreatScoreIW | Fetched 347 indicators (resultStart=1000).
2026-05-04 07:16:28,323 | INFO | ThreatScoreIW | Indicator query complete (pages=3).
2026-05-04 07:16:28,330 | INFO | ThreatScoreIW | Normalizing 1347 indicator records.
2026-05-04 07:16:28,428 | INFO | ThreatScoreIW | Threat assess filter ((rating>=3 OR threatAssessRating>=3), confidence>=50) coalescing ('threatAssessRating', 'threatAssess.threatAssessRating') / ('threatAssessConfidence', 'threatAssess.threatAssessConfidence'): 795 -> 216 rows.
2026-05-04 07:16:28,429 | INFO | ThreatScoreIW | observed_src ready (rows=216, cols=35).
2026-05-04 07:16:28,429 | INFO | ThreatScoreIW | Reading Excel scores: Z:\HTOC\Data_Analytics\Data\Threat Assessment Scores\Threat_Assessment_Scores.xlsx
2026-05-04 07:16:30,256 | INFO | ThreatScoreIW | Loaded df (rows=3772, cols=18).
2026-05-04 07:16:30,259 | INFO | ThreatScoreIW | Filtered df by observed_src indicators: 3772 -> 216 rows.
2026-05-04 07:16:30,266 | INFO | ThreatScoreIW | Last Observed filter (ThreatConnect only, >= 2026-05-02 11:16:20.927893+00:00): 216 -> 216 rows.
2026-05-04 07:16:30,268 | INFO | ThreatScoreIW | Updated 'Last Observed' from observed_src.lastObserved (unique indicators=216).
H:\HTOC\notebooks\ThreatAssessment Scoring\ThreatScoreIW\ThreatScoreIW.py:429: DeprecationWarning: datetime.datetime.utcnow() is deprecated and scheduled for removal in a future version. Use timezone-aware objects to represent datetimes in UTC: datetime.datetime.now(datetime.UTC).
  today = datetime.utcnow()
2026-05-04 07:16:30,277 | INFO | ThreatScoreIW | OpDiv files to load: ['Z:/HTOC/Data_Analytics/Data/OpDiv_Observations/htoc_opdiv_obs_d20260504.csv', 'Z:/HTOC/Data_Analytics/Data/OpDiv_Observations/htoc_opdiv_obs_d20260503.csv']
2026-05-04 07:16:30,343 | INFO | ThreatScoreIW | Loaded OpDiv observations from 2 file(s), 5036 rows.
2026-05-04 07:16:30,375 | INFO | ThreatScoreIW | Multi-partner (2+ OpDiv) rows: 179
2026-05-04 07:16:30,377 | INFO | ThreatScoreIW | VT>=14 filter: 30 rows.
2026-05-04 07:16:30,378 | INFO | ThreatScoreIW | final_indicators (high/critical): 4 rows.
2026-05-04 07:16:30,732 | INFO | ThreatScoreIW | Writing Excel output: Z:\HTOC\Data_Analytics\Data\Threat Assessment Scores\ThreatAssessI_W\ThreatAssessI_W_20260504.xlsx
2026-05-04 07:16:30,795 | INFO | ThreatScoreIW | Excel write succeeded (total=4, I&W No=1, I&W Yes=3).
[Mon 05/04/2026  7:16:31.22] SUCCESS: ThreatScoreIW completed successfully
[Mon 05/04/2026  7:16:31.22] SUCCESS: Excel file found: \\10.1.4.22\data\HTOC\Data_Analytics\Data\Threat Assessment Scores\ThreatAssessI_W\ThreatAssessI_W_20260504.xlsx
[Mon 05/04/2026  7:16:31.42] Batch script completed successfully
