[Tue 05/19/2026  7:15:03.97] Starting ThreatScoreIW...
[Tue 05/19/2026  7:15:03.98] Log file: "H:\HTOC\notebooks\ThreatAssessment Scoring\ThreatScoreIW\logs\threatscoreiw_20260519_071503.log"
[Tue 05/19/2026  7:15:04.09] Installing required packages...
[Tue 05/19/2026  7:15:04.10] Attempting install from wheelhouse
Looking in links: \\10.1.4.22\data\HTOC\JA\wheelhouse
Requirement already satisfied: pandas in c:\users\jaskew\appdata\roaming\python\python313\site-packages (2.3.0)
Requirement already satisfied: openpyxl in c:\users\jaskew\appdata\roaming\python\python313\site-packages (3.1.5)
Requirement already satisfied: requests in c:\users\jaskew\appdata\roaming\python\python313\site-packages (2.32.4)
Requirement already satisfied: urllib3 in c:\users\jaskew\appdata\roaming\python\python313\site-packages (2.5.0)
Requirement already satisfied: pytz in c:\users\jaskew\appdata\roaming\python\python313\site-packages (2025.2)
Requirement already satisfied: numpy>=1.26.0 in c:\users\jaskew\appdata\roaming\python\python313\site-packages (from pandas) (2.3.1)
Requirement already satisfied: python-dateutil>=2.8.2 in c:\users\jaskew\appdata\roaming\python\python313\site-packages (from pandas) (2.9.0.post0)
Requirement already satisfied: tzdata>=2022.7 in c:\users\jaskew\appdata\roaming\python\python313\site-packages (from pandas) (2025.2)
Requirement already satisfied: et-xmlfile in c:\users\jaskew\appdata\roaming\python\python313\site-packages (from openpyxl) (2.0.0)
Requirement already satisfied: charset_normalizer<4,>=2 in c:\users\jaskew\appdata\roaming\python\python313\site-packages (from requests) (3.4.2)
Requirement already satisfied: idna<4,>=2.5 in c:\users\jaskew\appdata\roaming\python\python313\site-packages (from requests) (3.10)
Requirement already satisfied: certifi>=2017.4.17 in c:\users\jaskew\appdata\roaming\python\python313\site-packages (from requests) (2025.6.15)
Requirement already satisfied: six>=1.5 in c:\users\jaskew\appdata\roaming\python\python313\site-packages (from python-dateutil>=2.8.2->pandas) (1.17.0)
[Tue 05/19/2026  7:15:04.10] SUCCESS: Packages installed from wheelhouse
[Tue 05/19/2026  7:15:09.76] Executing ThreatScoreIW script...
2026-05-19 07:15:13,946 | INFO | ThreatScoreIW | Loaded config from: H:\HTOC\scripts\Data Movement\ThrearConnect-api-pull\utils\config.json
2026-05-19 07:15:13,946 | INFO | ThreatScoreIW | Base URL: https://hvs.threatconnect.com/api
2026-05-19 07:15:13,947 | INFO | ThreatScoreIW | Access ID: ****************0382
2026-05-19 07:15:13,947 | INFO | ThreatScoreIW | Default Org: HTOC Org
2026-05-19 07:15:13,948 | INFO | ThreatScoreIW | SSL verification disabled: True
2026-05-19 07:15:13,948 | INFO | ThreatScoreIW | ThreatConnect initialized.
2026-05-19 07:15:13,949 | INFO | ThreatScoreIW | RequestObject successfully created (owner=HTOC Org).
2026-05-19 07:15:15,154 | INFO | ThreatScoreIW | Querying indicators (QUERY_LOOKBACK_HOURS=48) cutoff=2026-05-17 11:15:15.154390+00:00 TQL lastObserved>=2026-05-17T11:15:15Z
2026-05-19 07:15:17,879 | INFO | ThreatScoreIW | Fetched 500 indicators (resultStart=0).
2026-05-19 07:15:20,546 | INFO | ThreatScoreIW | Fetched 500 indicators (resultStart=500).
2026-05-19 07:15:22,035 | INFO | ThreatScoreIW | Fetched 348 indicators (resultStart=1000).
2026-05-19 07:15:22,214 | INFO | ThreatScoreIW | Indicator query complete (pages=3).
2026-05-19 07:15:22,220 | INFO | ThreatScoreIW | Normalizing 1348 indicator records.
2026-05-19 07:15:22,315 | INFO | ThreatScoreIW | Threat assess filter ((rating>=3 OR threatAssessRating>=3), confidence>=50) coalescing ('threatAssessRating', 'threatAssess.threatAssessRating', 'rating') / ('threatAssessConfidence', 'threatAssess.threatAssessConfidence', 'confidence'): 829 -> 274 rows.
2026-05-19 07:15:22,316 | INFO | ThreatScoreIW | observed_src ready (rows=274, cols=36).
2026-05-19 07:15:22,317 | INFO | ThreatScoreIW | Reading Excel scores: Z:\HTOC\Data_Analytics\Data\Threat Assessment Scores\Threat_Assessment_Scores.xlsx
2026-05-19 07:15:23,573 | INFO | ThreatScoreIW | Loaded df (rows=3843, cols=18).
2026-05-19 07:15:23,575 | INFO | ThreatScoreIW | Filtered df by observed_src indicators: 3843 -> 272 rows.
2026-05-19 07:15:23,582 | INFO | ThreatScoreIW | Last Observed filter (ThreatConnect only, >= 2026-05-17 11:15:15.154390+00:00): 272 -> 272 rows.
2026-05-19 07:15:23,583 | INFO | ThreatScoreIW | Updated 'Last Observed' from observed_src.lastObserved (unique indicators=272).
H:\HTOC\notebooks\ThreatAssessment Scoring\ThreatScoreIW\ThreatScoreIW.py:436: DeprecationWarning: datetime.datetime.utcnow() is deprecated and scheduled for removal in a future version. Use timezone-aware objects to represent datetimes in UTC: datetime.datetime.now(datetime.UTC).
  today = datetime.utcnow()
2026-05-19 07:15:23,591 | INFO | ThreatScoreIW | OpDiv files to load: ['Z:/HTOC/Data_Analytics/Data/OpDiv_Observations/htoc_opdiv_obs_d20260519.csv', 'Z:/HTOC/Data_Analytics/Data/OpDiv_Observations/htoc_opdiv_obs_d20260518.csv']
2026-05-19 07:15:23,631 | INFO | ThreatScoreIW | Loaded OpDiv observations from 2 file(s), 4871 rows.
2026-05-19 07:15:23,662 | INFO | ThreatScoreIW | Multi-partner (2+ OpDiv) rows: 214
2026-05-19 07:15:23,664 | INFO | ThreatScoreIW | VT>=14 filter: 191 rows.
2026-05-19 07:15:23,665 | INFO | ThreatScoreIW | final_indicators (high/critical): 6 rows.
2026-05-19 07:15:23,970 | INFO | ThreatScoreIW | Writing Excel output: Z:\HTOC\Data_Analytics\Data\Threat Assessment Scores\ThreatAssessI_W\ThreatAssessI_W_20260519.xlsx
2026-05-19 07:15:24,039 | INFO | ThreatScoreIW | Excel write succeeded (total=6, I&W No=0, I&W Yes=6).
[Tue 05/19/2026  7:15:24.41] SUCCESS: ThreatScoreIW completed successfully
[Tue 05/19/2026  7:15:24.41] SUCCESS: Excel file found: \\10.1.4.22\data\HTOC\Data_Analytics\Data\Threat Assessment Scores\ThreatAssessI_W\ThreatAssessI_W_20260519.xlsx
[Tue 05/19/2026  7:15:24.57] Batch script completed successfully
