[Wed 04/29/2026  7:37:12.34] Starting ThreatScoreIW...
[Wed 04/29/2026  7:37:12.35] Log file: "H:\HTOC\notebooks\ThreatAssessment Scoring\ThreatScoreIW\logs\threatscoreiw_20260429_073712.log"
[Wed 04/29/2026  7:37:12.39] Installing required packages...
[Wed 04/29/2026  7:37:12.41] Attempting install from wheelhouse
Looking in links: \\10.1.4.22\data\HTOC\JA\wheelhouse
Requirement already satisfied: pandas in c:\users\jaskew\appdata\roaming\python\python313\site-packages (2.3.0)
Requirement already satisfied: openpyxl in c:\users\jaskew\appdata\roaming\python\python313\site-packages (3.1.5)
Requirement already satisfied: requests in c:\users\jaskew\appdata\roaming\python\python313\site-packages (2.32.4)
Requirement already satisfied: urllib3 in c:\users\jaskew\appdata\roaming\python\python313\site-packages (2.5.0)
Requirement already satisfied: pytz in c:\users\jaskew\appdata\roaming\python\python313\site-packages (2025.2)
Requirement already satisfied: numpy>=1.26.0 in c:\users\jaskew\appdata\roaming\python\python313\site-packages (from pandas) (2.3.1)
Requirement already satisfied: python-dateutil>=2.8.2 in c:\users\jaskew\appdata\roaming\python\python313\site-packages (from pandas) (2.9.0.post0)
Requirement already satisfied: tzdata>=2022.7 in c:\users\jaskew\appdata\roaming\python\python313\site-packages (from pandas) (2025.2)
Requirement already satisfied: et-xmlfile in c:\users\jaskew\appdata\roaming\python\python313\site-packages (from openpyxl) (2.0.0)
Requirement already satisfied: charset_normalizer<4,>=2 in c:\users\jaskew\appdata\roaming\python\python313\site-packages (from requests) (3.4.2)
Requirement already satisfied: idna<4,>=2.5 in c:\users\jaskew\appdata\roaming\python\python313\site-packages (from requests) (3.10)
Requirement already satisfied: certifi>=2017.4.17 in c:\users\jaskew\appdata\roaming\python\python313\site-packages (from requests) (2025.6.15)
Requirement already satisfied: six>=1.5 in c:\users\jaskew\appdata\roaming\python\python313\site-packages (from python-dateutil>=2.8.2->pandas) (1.17.0)
[Wed 04/29/2026  7:37:12.41] SUCCESS: Packages installed from wheelhouse
[Wed 04/29/2026  7:37:18.61] Executing ThreatScoreIW script...
2026-04-29 07:37:23,440 | INFO | ThreatScoreIW | Loaded config from: H:\HTOC\scripts\Data Movement\ThrearConnect-api-pull\utils\config.json
2026-04-29 07:37:23,441 | INFO | ThreatScoreIW | Base URL: https://hvs.threatconnect.com/api
2026-04-29 07:37:23,441 | INFO | ThreatScoreIW | Access ID: ****************0382
2026-04-29 07:37:23,441 | INFO | ThreatScoreIW | Default Org: HTOC Org
2026-04-29 07:37:23,442 | INFO | ThreatScoreIW | SSL verification disabled: True
2026-04-29 07:37:23,443 | INFO | ThreatScoreIW | ThreatConnect initialized.
2026-04-29 07:37:23,443 | INFO | ThreatScoreIW | RequestObject successfully created (owner=HTOC Org).
2026-04-29 07:37:24,742 | INFO | ThreatScoreIW | Querying indicators (QUERY_LOOKBACK_HOURS=48) cutoff=2026-04-27 11:37:24.741977+00:00 TQL lastObserved>=2026-04-27T11:37:24Z
2026-04-29 07:37:27,168 | INFO | ThreatScoreIW | Fetched 500 indicators (resultStart=0).
2026-04-29 07:37:28,968 | INFO | ThreatScoreIW | Fetched 500 indicators (resultStart=500).
2026-04-29 07:37:30,350 | INFO | ThreatScoreIW | Fetched 355 indicators (resultStart=1000).
2026-04-29 07:37:30,507 | INFO | ThreatScoreIW | Indicator query complete (pages=3).
2026-04-29 07:37:30,509 | INFO | ThreatScoreIW | Normalizing 1355 indicator records.
2026-04-29 07:37:30,598 | INFO | ThreatScoreIW | Threat assess filter ((rating>=3 OR threatAssessRating>=3), confidence>=50) coalescing ('threatAssessRating', 'threatAssess.threatAssessRating') / ('threatAssessConfidence', 'threatAssess.threatAssessConfidence'): 820 -> 235 rows.
2026-04-29 07:37:30,598 | INFO | ThreatScoreIW | observed_src ready (rows=235, cols=36).
2026-04-29 07:37:30,599 | INFO | ThreatScoreIW | Reading Excel scores: Z:\HTOC\Data_Analytics\Data\Threat Assessment Scores\Threat_Assessment_Scores.xlsx
2026-04-29 07:37:32,282 | INFO | ThreatScoreIW | Loaded df (rows=3748, cols=16).
2026-04-29 07:37:32,287 | INFO | ThreatScoreIW | Filtered df by observed_src indicators: 3748 -> 233 rows.
2026-04-29 07:37:32,298 | INFO | ThreatScoreIW | Last Observed filter (ThreatConnect only, >= 2026-04-27 11:37:24.741977+00:00): 233 -> 233 rows.
2026-04-29 07:37:32,300 | INFO | ThreatScoreIW | Updated 'Last Observed' from observed_src.lastObserved (unique indicators=233).
H:\HTOC\notebooks\ThreatAssessment Scoring\ThreatScoreIW\ThreatScoreIW.py:429: DeprecationWarning: datetime.datetime.utcnow() is deprecated and scheduled for removal in a future version. Use timezone-aware objects to represent datetimes in UTC: datetime.datetime.now(datetime.UTC).
  today = datetime.utcnow()
2026-04-29 07:37:32,307 | INFO | ThreatScoreIW | OpDiv files to load: ['Z:/HTOC/Data_Analytics/Data/OpDiv_Observations/htoc_opdiv_obs_d20260429.csv', 'Z:/HTOC/Data_Analytics/Data/OpDiv_Observations/htoc_opdiv_obs_d20260428.csv']
2026-04-29 07:37:32,427 | INFO | ThreatScoreIW | Loaded OpDiv observations from 2 file(s), 5152 rows.
2026-04-29 07:37:32,489 | INFO | ThreatScoreIW | Multi-partner (2+ OpDiv) rows: 186
2026-04-29 07:37:32,491 | INFO | ThreatScoreIW | VT>=14 filter: 24 rows.
2026-04-29 07:37:32,493 | INFO | ThreatScoreIW | final_indicators (high/critical): 8 rows.
2026-04-29 07:37:32,675 | INFO | ThreatScoreIW | Writing Excel output: Z:\HTOC\Data_Analytics\Data\Threat Assessment Scores\ThreatAssessI_W\ThreatAssessI_W_20260429.xlsx
2026-04-29 07:37:32,764 | INFO | ThreatScoreIW | Excel write succeeded (total=8, I&W No=7, I&W Yes=1).
[Wed 04/29/2026  7:37:33.34] SUCCESS: ThreatScoreIW completed successfully
[Wed 04/29/2026  7:37:33.34] SUCCESS: Excel file found: \\10.1.4.22\data\HTOC\Data_Analytics\Data\Threat Assessment Scores\ThreatAssessI_W\ThreatAssessI_W_20260429.xlsx
[Wed 04/29/2026  7:37:33.49] Batch script completed successfully
