[Thu 05/14/2026  7:15:04.02] Starting ThreatScoreIW...
[Thu 05/14/2026  7:15:04.03] Log file: "H:\HTOC\notebooks\ThreatAssessment Scoring\ThreatScoreIW\logs\threatscoreiw_20260514_071503.log"
[Thu 05/14/2026  7:15:04.14] Installing required packages...
[Thu 05/14/2026  7:15:04.15] Attempting install from wheelhouse
Looking in links: \\10.1.4.22\data\HTOC\JA\wheelhouse
Requirement already satisfied: pandas in c:\users\jaskew\appdata\roaming\python\python313\site-packages (2.3.0)
Requirement already satisfied: openpyxl in c:\users\jaskew\appdata\roaming\python\python313\site-packages (3.1.5)
Requirement already satisfied: requests in c:\users\jaskew\appdata\roaming\python\python313\site-packages (2.32.4)
Requirement already satisfied: urllib3 in c:\users\jaskew\appdata\roaming\python\python313\site-packages (2.5.0)
Requirement already satisfied: pytz in c:\users\jaskew\appdata\roaming\python\python313\site-packages (2025.2)
Requirement already satisfied: numpy>=1.26.0 in c:\users\jaskew\appdata\roaming\python\python313\site-packages (from pandas) (2.3.1)
Requirement already satisfied: python-dateutil>=2.8.2 in c:\users\jaskew\appdata\roaming\python\python313\site-packages (from pandas) (2.9.0.post0)
Requirement already satisfied: tzdata>=2022.7 in c:\users\jaskew\appdata\roaming\python\python313\site-packages (from pandas) (2025.2)
Requirement already satisfied: et-xmlfile in c:\users\jaskew\appdata\roaming\python\python313\site-packages (from openpyxl) (2.0.0)
Requirement already satisfied: charset_normalizer<4,>=2 in c:\users\jaskew\appdata\roaming\python\python313\site-packages (from requests) (3.4.2)
Requirement already satisfied: idna<4,>=2.5 in c:\users\jaskew\appdata\roaming\python\python313\site-packages (from requests) (3.10)
Requirement already satisfied: certifi>=2017.4.17 in c:\users\jaskew\appdata\roaming\python\python313\site-packages (from requests) (2025.6.15)
Requirement already satisfied: six>=1.5 in c:\users\jaskew\appdata\roaming\python\python313\site-packages (from python-dateutil>=2.8.2->pandas) (1.17.0)
[Thu 05/14/2026  7:15:04.15] SUCCESS: Packages installed from wheelhouse
[Thu 05/14/2026  7:15:09.18] Executing ThreatScoreIW script...
2026-05-14 07:15:13,369 | INFO | ThreatScoreIW | Loaded config from: H:\HTOC\scripts\Data Movement\ThrearConnect-api-pull\utils\config.json
2026-05-14 07:15:13,370 | INFO | ThreatScoreIW | Base URL: https://hvs.threatconnect.com/api
2026-05-14 07:15:13,370 | INFO | ThreatScoreIW | Access ID: ****************0382
2026-05-14 07:15:13,371 | INFO | ThreatScoreIW | Default Org: HTOC Org
2026-05-14 07:15:13,371 | INFO | ThreatScoreIW | SSL verification disabled: True
2026-05-14 07:15:13,372 | INFO | ThreatScoreIW | ThreatConnect initialized.
2026-05-14 07:15:13,373 | INFO | ThreatScoreIW | RequestObject successfully created (owner=HTOC Org).
2026-05-14 07:15:14,433 | INFO | ThreatScoreIW | Querying indicators (QUERY_LOOKBACK_HOURS=48) cutoff=2026-05-12 11:15:14.433033+00:00 TQL lastObserved>=2026-05-12T11:15:14Z
2026-05-14 07:15:16,674 | INFO | ThreatScoreIW | Fetched 500 indicators (resultStart=0).
2026-05-14 07:15:18,545 | INFO | ThreatScoreIW | Fetched 500 indicators (resultStart=500).
2026-05-14 07:15:19,788 | INFO | ThreatScoreIW | Fetched 349 indicators (resultStart=1000).
2026-05-14 07:15:20,002 | INFO | ThreatScoreIW | Indicator query complete (pages=3).
2026-05-14 07:15:20,007 | INFO | ThreatScoreIW | Normalizing 1349 indicator records.
2026-05-14 07:15:20,112 | INFO | ThreatScoreIW | Threat assess filter ((rating>=3 OR threatAssessRating>=3), confidence>=50) coalescing ('threatAssessRating', 'threatAssess.threatAssessRating', 'rating') / ('threatAssessConfidence', 'threatAssess.threatAssessConfidence', 'confidence'): 827 -> 335 rows.
2026-05-14 07:15:20,113 | INFO | ThreatScoreIW | observed_src ready (rows=335, cols=37).
2026-05-14 07:15:20,114 | INFO | ThreatScoreIW | Reading Excel scores: Z:\HTOC\Data_Analytics\Data\Threat Assessment Scores\Threat_Assessment_Scores.xlsx
2026-05-14 07:15:21,421 | INFO | ThreatScoreIW | Loaded df (rows=3814, cols=18).
2026-05-14 07:15:21,424 | INFO | ThreatScoreIW | Filtered df by observed_src indicators: 3814 -> 332 rows.
2026-05-14 07:15:21,432 | INFO | ThreatScoreIW | Last Observed filter (ThreatConnect only, >= 2026-05-12 11:15:14.433033+00:00): 332 -> 332 rows.
2026-05-14 07:15:21,434 | INFO | ThreatScoreIW | Updated 'Last Observed' from observed_src.lastObserved (unique indicators=332).
H:\HTOC\notebooks\ThreatAssessment Scoring\ThreatScoreIW\ThreatScoreIW.py:436: DeprecationWarning: datetime.datetime.utcnow() is deprecated and scheduled for removal in a future version. Use timezone-aware objects to represent datetimes in UTC: datetime.datetime.now(datetime.UTC).
  today = datetime.utcnow()
2026-05-14 07:15:21,441 | INFO | ThreatScoreIW | OpDiv files to load: ['Z:/HTOC/Data_Analytics/Data/OpDiv_Observations/htoc_opdiv_obs_d20260514.csv', 'Z:/HTOC/Data_Analytics/Data/OpDiv_Observations/htoc_opdiv_obs_d20260513.csv']
2026-05-14 07:15:21,574 | INFO | ThreatScoreIW | Loaded OpDiv observations from 2 file(s), 4781 rows.
2026-05-14 07:15:21,634 | INFO | ThreatScoreIW | Multi-partner (2+ OpDiv) rows: 271
2026-05-14 07:15:21,638 | INFO | ThreatScoreIW | VT>=14 filter: 247 rows.
2026-05-14 07:15:21,640 | INFO | ThreatScoreIW | final_indicators (high/critical): 5 rows.
2026-05-14 07:15:21,915 | INFO | ThreatScoreIW | Writing Excel output: Z:\HTOC\Data_Analytics\Data\Threat Assessment Scores\ThreatAssessI_W\ThreatAssessI_W_20260514.xlsx
2026-05-14 07:15:21,979 | INFO | ThreatScoreIW | Excel write succeeded (total=5, I&W No=1, I&W Yes=4).
[Thu 05/14/2026  7:15:22.35] SUCCESS: ThreatScoreIW completed successfully
[Thu 05/14/2026  7:15:22.35] SUCCESS: Excel file found: \\10.1.4.22\data\HTOC\Data_Analytics\Data\Threat Assessment Scores\ThreatAssessI_W\ThreatAssessI_W_20260514.xlsx
[Thu 05/14/2026  7:15:22.47] Batch script completed successfully
