[Fri 05/01/2026  7:15:04.55] Starting ThreatScoreIW...
[Fri 05/01/2026  7:15:04.55] Log file: "H:\HTOC\notebooks\ThreatAssessment Scoring\ThreatScoreIW\logs\threatscoreiw_20260501_071504.log"
[Fri 05/01/2026  7:15:04.73] Installing required packages...
[Fri 05/01/2026  7:15:04.75] Attempting install from wheelhouse
Looking in links: \\10.1.4.22\data\HTOC\JA\wheelhouse
Requirement already satisfied: pandas in c:\users\jaskew\appdata\roaming\python\python313\site-packages (2.3.0)
Requirement already satisfied: openpyxl in c:\users\jaskew\appdata\roaming\python\python313\site-packages (3.1.5)
Requirement already satisfied: requests in c:\users\jaskew\appdata\roaming\python\python313\site-packages (2.32.4)
Requirement already satisfied: urllib3 in c:\users\jaskew\appdata\roaming\python\python313\site-packages (2.5.0)
Requirement already satisfied: pytz in c:\users\jaskew\appdata\roaming\python\python313\site-packages (2025.2)
Requirement already satisfied: numpy>=1.26.0 in c:\users\jaskew\appdata\roaming\python\python313\site-packages (from pandas) (2.3.1)
Requirement already satisfied: python-dateutil>=2.8.2 in c:\users\jaskew\appdata\roaming\python\python313\site-packages (from pandas) (2.9.0.post0)
Requirement already satisfied: tzdata>=2022.7 in c:\users\jaskew\appdata\roaming\python\python313\site-packages (from pandas) (2025.2)
Requirement already satisfied: et-xmlfile in c:\users\jaskew\appdata\roaming\python\python313\site-packages (from openpyxl) (2.0.0)
Requirement already satisfied: charset_normalizer<4,>=2 in c:\users\jaskew\appdata\roaming\python\python313\site-packages (from requests) (3.4.2)
Requirement already satisfied: idna<4,>=2.5 in c:\users\jaskew\appdata\roaming\python\python313\site-packages (from requests) (3.10)
Requirement already satisfied: certifi>=2017.4.17 in c:\users\jaskew\appdata\roaming\python\python313\site-packages (from requests) (2025.6.15)
Requirement already satisfied: six>=1.5 in c:\users\jaskew\appdata\roaming\python\python313\site-packages (from python-dateutil>=2.8.2->pandas) (1.17.0)
[Fri 05/01/2026  7:15:04.75] SUCCESS: Packages installed from wheelhouse
[Fri 05/01/2026  7:15:10.59] Executing ThreatScoreIW script...
2026-05-01 07:15:15,322 | INFO | ThreatScoreIW | Loaded config from: H:\HTOC\scripts\Data Movement\ThrearConnect-api-pull\utils\config.json
2026-05-01 07:15:15,323 | INFO | ThreatScoreIW | Base URL: https://hvs.threatconnect.com/api
2026-05-01 07:15:15,324 | INFO | ThreatScoreIW | Access ID: ****************0382
2026-05-01 07:15:15,324 | INFO | ThreatScoreIW | Default Org: HTOC Org
2026-05-01 07:15:15,324 | INFO | ThreatScoreIW | SSL verification disabled: True
2026-05-01 07:15:15,325 | INFO | ThreatScoreIW | ThreatConnect initialized.
2026-05-01 07:15:15,326 | INFO | ThreatScoreIW | RequestObject successfully created (owner=HTOC Org).
2026-05-01 07:15:16,542 | INFO | ThreatScoreIW | Querying indicators (QUERY_LOOKBACK_HOURS=48) cutoff=2026-04-29 11:15:16.542055+00:00 TQL lastObserved>=2026-04-29T11:15:16Z
2026-05-01 07:19:54,647 | INFO | ThreatScoreIW | Fetched 500 indicators (resultStart=0).
2026-05-01 07:19:56,670 | INFO | ThreatScoreIW | Fetched 500 indicators (resultStart=500).
2026-05-01 07:20:43,507 | INFO | ThreatScoreIW | Fetched 350 indicators (resultStart=1000).
2026-05-01 07:20:43,621 | INFO | ThreatScoreIW | Indicator query complete (pages=3).
2026-05-01 07:20:43,625 | INFO | ThreatScoreIW | Normalizing 1350 indicator records.
2026-05-01 07:20:43,766 | INFO | ThreatScoreIW | Threat assess filter ((rating>=3 OR threatAssessRating>=3), confidence>=50) coalescing ('threatAssessRating', 'threatAssess.threatAssessRating') / ('threatAssessConfidence', 'threatAssess.threatAssessConfidence'): 819 -> 230 rows.
2026-05-01 07:20:43,767 | INFO | ThreatScoreIW | observed_src ready (rows=230, cols=36).
2026-05-01 07:20:43,767 | INFO | ThreatScoreIW | Reading Excel scores: Z:\HTOC\Data_Analytics\Data\Threat Assessment Scores\Threat_Assessment_Scores.xlsx
2026-05-01 07:20:45,173 | INFO | ThreatScoreIW | Loaded df (rows=3756, cols=17).
2026-05-01 07:20:45,175 | INFO | ThreatScoreIW | Filtered df by observed_src indicators: 3756 -> 229 rows.
2026-05-01 07:20:45,185 | INFO | ThreatScoreIW | Last Observed filter (ThreatConnect only, >= 2026-04-29 11:15:16.542055+00:00): 229 -> 229 rows.
2026-05-01 07:20:45,186 | INFO | ThreatScoreIW | Updated 'Last Observed' from observed_src.lastObserved (unique indicators=229).
H:\HTOC\notebooks\ThreatAssessment Scoring\ThreatScoreIW\ThreatScoreIW.py:429: DeprecationWarning: datetime.datetime.utcnow() is deprecated and scheduled for removal in a future version. Use timezone-aware objects to represent datetimes in UTC: datetime.datetime.now(datetime.UTC).
  today = datetime.utcnow()
2026-05-01 07:20:45,195 | INFO | ThreatScoreIW | OpDiv files to load: ['Z:/HTOC/Data_Analytics/Data/OpDiv_Observations/htoc_opdiv_obs_d20260501.csv', 'Z:/HTOC/Data_Analytics/Data/OpDiv_Observations/htoc_opdiv_obs_d20260430.csv']
2026-05-01 07:20:45,266 | INFO | ThreatScoreIW | Loaded OpDiv observations from 2 file(s), 5147 rows.
2026-05-01 07:20:45,306 | INFO | ThreatScoreIW | Multi-partner (2+ OpDiv) rows: 187
2026-05-01 07:20:45,307 | INFO | ThreatScoreIW | VT>=14 filter: 0 rows.
2026-05-01 07:20:45,308 | INFO | ThreatScoreIW | final_indicators (high/critical): 0 rows.
2026-05-01 07:20:45,646 | INFO | ThreatScoreIW | Writing Excel output: Z:\HTOC\Data_Analytics\Data\Threat Assessment Scores\ThreatAssessI_W\ThreatAssessI_W_20260501.xlsx
2026-05-01 07:20:45,709 | INFO | ThreatScoreIW | Excel write succeeded (total=0, I&W No=0, I&W Yes=0).
[Fri 05/01/2026  7:20:46.27] SUCCESS: ThreatScoreIW completed successfully
[Fri 05/01/2026  7:20:46.27] SUCCESS: Excel file found: \\10.1.4.22\data\HTOC\Data_Analytics\Data\Threat Assessment Scores\ThreatAssessI_W\ThreatAssessI_W_20260501.xlsx
[Fri 05/01/2026  7:20:46.66] Batch script completed successfully
