[Mon 05/18/2026  7:15:04.69] Starting ThreatScoreIW...
[Mon 05/18/2026  7:15:04.69] Log file: "H:\HTOC\notebooks\ThreatAssessment Scoring\ThreatScoreIW\logs\threatscoreiw_20260518_071504.log"
[Mon 05/18/2026  7:15:04.74] Installing required packages...
[Mon 05/18/2026  7:15:04.74] Attempting install from wheelhouse
Looking in links: \\10.1.4.22\data\HTOC\JA\wheelhouse
Requirement already satisfied: pandas in c:\users\jaskew\appdata\roaming\python\python313\site-packages (2.3.0)
Requirement already satisfied: openpyxl in c:\users\jaskew\appdata\roaming\python\python313\site-packages (3.1.5)
Requirement already satisfied: requests in c:\users\jaskew\appdata\roaming\python\python313\site-packages (2.32.4)
Requirement already satisfied: urllib3 in c:\users\jaskew\appdata\roaming\python\python313\site-packages (2.5.0)
Requirement already satisfied: pytz in c:\users\jaskew\appdata\roaming\python\python313\site-packages (2025.2)
Requirement already satisfied: numpy>=1.26.0 in c:\users\jaskew\appdata\roaming\python\python313\site-packages (from pandas) (2.3.1)
Requirement already satisfied: python-dateutil>=2.8.2 in c:\users\jaskew\appdata\roaming\python\python313\site-packages (from pandas) (2.9.0.post0)
Requirement already satisfied: tzdata>=2022.7 in c:\users\jaskew\appdata\roaming\python\python313\site-packages (from pandas) (2025.2)
Requirement already satisfied: et-xmlfile in c:\users\jaskew\appdata\roaming\python\python313\site-packages (from openpyxl) (2.0.0)
Requirement already satisfied: charset_normalizer<4,>=2 in c:\users\jaskew\appdata\roaming\python\python313\site-packages (from requests) (3.4.2)
Requirement already satisfied: idna<4,>=2.5 in c:\users\jaskew\appdata\roaming\python\python313\site-packages (from requests) (3.10)
Requirement already satisfied: certifi>=2017.4.17 in c:\users\jaskew\appdata\roaming\python\python313\site-packages (from requests) (2025.6.15)
Requirement already satisfied: six>=1.5 in c:\users\jaskew\appdata\roaming\python\python313\site-packages (from python-dateutil>=2.8.2->pandas) (1.17.0)
[Mon 05/18/2026  7:15:04.74] SUCCESS: Packages installed from wheelhouse
[Mon 05/18/2026  7:15:10.49] Executing ThreatScoreIW script...
2026-05-18 07:15:14,865 | INFO | ThreatScoreIW | Loaded config from: H:\HTOC\scripts\Data Movement\ThrearConnect-api-pull\utils\config.json
2026-05-18 07:15:14,866 | INFO | ThreatScoreIW | Base URL: https://hvs.threatconnect.com/api
2026-05-18 07:15:14,867 | INFO | ThreatScoreIW | Access ID: ****************0382
2026-05-18 07:15:14,867 | INFO | ThreatScoreIW | Default Org: HTOC Org
2026-05-18 07:15:14,868 | INFO | ThreatScoreIW | SSL verification disabled: True
2026-05-18 07:15:14,868 | INFO | ThreatScoreIW | ThreatConnect initialized.
2026-05-18 07:15:14,869 | INFO | ThreatScoreIW | RequestObject successfully created (owner=HTOC Org).
2026-05-18 07:15:16,053 | INFO | ThreatScoreIW | Querying indicators (QUERY_LOOKBACK_HOURS=48) cutoff=2026-05-16 11:15:16.053617+00:00 TQL lastObserved>=2026-05-16T11:15:16Z
2026-05-18 07:15:18,578 | INFO | ThreatScoreIW | Fetched 500 indicators (resultStart=0).
2026-05-18 07:15:20,426 | INFO | ThreatScoreIW | Fetched 500 indicators (resultStart=500).
2026-05-18 07:15:21,613 | INFO | ThreatScoreIW | Fetched 358 indicators (resultStart=1000).
2026-05-18 07:15:21,786 | INFO | ThreatScoreIW | Indicator query complete (pages=3).
2026-05-18 07:15:21,788 | INFO | ThreatScoreIW | Normalizing 1358 indicator records.
2026-05-18 07:15:21,870 | INFO | ThreatScoreIW | Threat assess filter ((rating>=3 OR threatAssessRating>=3), confidence>=50) coalescing ('threatAssessRating', 'threatAssess.threatAssessRating', 'rating') / ('threatAssessConfidence', 'threatAssess.threatAssessConfidence', 'confidence'): 826 -> 326 rows.
2026-05-18 07:15:21,870 | INFO | ThreatScoreIW | observed_src ready (rows=326, cols=36).
2026-05-18 07:15:21,871 | INFO | ThreatScoreIW | Reading Excel scores: Z:\HTOC\Data_Analytics\Data\Threat Assessment Scores\Threat_Assessment_Scores.xlsx
2026-05-18 07:15:23,341 | INFO | ThreatScoreIW | Loaded df (rows=3814, cols=18).
2026-05-18 07:15:23,344 | INFO | ThreatScoreIW | Filtered df by observed_src indicators: 3814 -> 320 rows.
2026-05-18 07:15:23,353 | INFO | ThreatScoreIW | Last Observed filter (ThreatConnect only, >= 2026-05-16 11:15:16.053617+00:00): 320 -> 320 rows.
2026-05-18 07:15:23,354 | INFO | ThreatScoreIW | Updated 'Last Observed' from observed_src.lastObserved (unique indicators=320).
H:\HTOC\notebooks\ThreatAssessment Scoring\ThreatScoreIW\ThreatScoreIW.py:436: DeprecationWarning: datetime.datetime.utcnow() is deprecated and scheduled for removal in a future version. Use timezone-aware objects to represent datetimes in UTC: datetime.datetime.now(datetime.UTC).
  today = datetime.utcnow()
2026-05-18 07:15:23,363 | INFO | ThreatScoreIW | OpDiv files to load: ['Z:/HTOC/Data_Analytics/Data/OpDiv_Observations/htoc_opdiv_obs_d20260518.csv', 'Z:/HTOC/Data_Analytics/Data/OpDiv_Observations/htoc_opdiv_obs_d20260517.csv']
2026-05-18 07:15:23,511 | INFO | ThreatScoreIW | Loaded OpDiv observations from 2 file(s), 4404 rows.
2026-05-18 07:15:23,574 | INFO | ThreatScoreIW | Multi-partner (2+ OpDiv) rows: 263
2026-05-18 07:15:23,576 | INFO | ThreatScoreIW | VT>=14 filter: 244 rows.
2026-05-18 07:15:23,578 | INFO | ThreatScoreIW | final_indicators (high/critical): 4 rows.
2026-05-18 07:15:23,849 | INFO | ThreatScoreIW | Writing Excel output: Z:\HTOC\Data_Analytics\Data\Threat Assessment Scores\ThreatAssessI_W\ThreatAssessI_W_20260518.xlsx
2026-05-18 07:15:23,934 | INFO | ThreatScoreIW | Excel write succeeded (total=4, I&W No=0, I&W Yes=4).
[Mon 05/18/2026  7:15:24.40] SUCCESS: ThreatScoreIW completed successfully
[Mon 05/18/2026  7:15:24.40] SUCCESS: Excel file found: \\10.1.4.22\data\HTOC\Data_Analytics\Data\Threat Assessment Scores\ThreatAssessI_W\ThreatAssessI_W_20260518.xlsx
[Mon 05/18/2026  7:15:24.58] Batch script completed successfully
