[Fri 04/24/2026  7:15:04.64] Starting ThreatScoreIW...
[Fri 04/24/2026  7:15:04.65] Log file: "H:\HTOC\notebooks\ThreatAssessment Scoring\ThreatScoreIW\logs\threatscoreiw_20260424_071504.log"
[Fri 04/24/2026  7:15:04.76] Installing required packages...
[Fri 04/24/2026  7:15:04.77] Attempting install from wheelhouse
Looking in links: z:\HTOC\JA\wheelhouse
Requirement already satisfied: pandas in c:\users\jaskew\appdata\roaming\python\python313\site-packages (2.3.0)
Requirement already satisfied: openpyxl in c:\users\jaskew\appdata\roaming\python\python313\site-packages (3.1.5)
Requirement already satisfied: requests in c:\users\jaskew\appdata\roaming\python\python313\site-packages (2.32.4)
Requirement already satisfied: urllib3 in c:\users\jaskew\appdata\roaming\python\python313\site-packages (2.5.0)
Requirement already satisfied: pytz in c:\users\jaskew\appdata\roaming\python\python313\site-packages (2025.2)
Requirement already satisfied: numpy>=1.26.0 in c:\users\jaskew\appdata\roaming\python\python313\site-packages (from pandas) (2.3.1)
Requirement already satisfied: python-dateutil>=2.8.2 in c:\users\jaskew\appdata\roaming\python\python313\site-packages (from pandas) (2.9.0.post0)
Requirement already satisfied: tzdata>=2022.7 in c:\users\jaskew\appdata\roaming\python\python313\site-packages (from pandas) (2025.2)
Requirement already satisfied: et-xmlfile in c:\users\jaskew\appdata\roaming\python\python313\site-packages (from openpyxl) (2.0.0)
Requirement already satisfied: charset_normalizer<4,>=2 in c:\users\jaskew\appdata\roaming\python\python313\site-packages (from requests) (3.4.2)
Requirement already satisfied: idna<4,>=2.5 in c:\users\jaskew\appdata\roaming\python\python313\site-packages (from requests) (3.10)
Requirement already satisfied: certifi>=2017.4.17 in c:\users\jaskew\appdata\roaming\python\python313\site-packages (from requests) (2025.6.15)
Requirement already satisfied: six>=1.5 in c:\users\jaskew\appdata\roaming\python\python313\site-packages (from python-dateutil>=2.8.2->pandas) (1.17.0)
[Fri 04/24/2026  7:15:04.77] SUCCESS: Packages installed from wheelhouse
[Fri 04/24/2026  7:15:11.59] Executing ThreatScoreIW script...
2026-04-24 07:15:16,519 | INFO | ThreatScoreIW | Loaded config from: H:\HTOC\scripts\Data Movement\ThrearConnect-api-pull\utils\config.json
2026-04-24 07:15:16,520 | INFO | ThreatScoreIW | Base URL: https://hvs.threatconnect.com/api
2026-04-24 07:15:16,521 | INFO | ThreatScoreIW | Access ID: ****************0382
2026-04-24 07:15:16,521 | INFO | ThreatScoreIW | Default Org: HTOC Org
2026-04-24 07:15:16,522 | INFO | ThreatScoreIW | SSL verification disabled: True
2026-04-24 07:15:16,523 | INFO | ThreatScoreIW | ThreatConnect initialized.
2026-04-24 07:15:16,523 | INFO | ThreatScoreIW | RequestObject successfully created (owner=HTOC Org).
2026-04-24 07:15:17,580 | INFO | ThreatScoreIW | Querying indicators (QUERY_LOOKBACK_HOURS=48) cutoff=2026-04-22 11:15:17.574237+00:00 TQL lastObserved>=2026-04-22T11:15:17Z
2026-04-24 07:15:20,447 | INFO | ThreatScoreIW | Fetched 500 indicators (resultStart=0).
2026-04-24 07:15:22,399 | INFO | ThreatScoreIW | Fetched 500 indicators (resultStart=500).
2026-04-24 07:15:24,085 | INFO | ThreatScoreIW | Fetched 416 indicators (resultStart=1000).
2026-04-24 07:15:24,231 | INFO | ThreatScoreIW | Indicator query complete (pages=3).
2026-04-24 07:15:24,235 | INFO | ThreatScoreIW | Normalizing 1416 indicator records.
2026-04-24 07:15:24,321 | INFO | ThreatScoreIW | Threat assess filter ((rating>=3 OR threatAssessRating>=3), confidence>=50) coalescing ('threatAssessRating', 'threatAssess.threatAssessRating') / ('threatAssessConfidence', 'threatAssess.threatAssessConfidence'): 834 -> 242 rows.
2026-04-24 07:15:24,321 | INFO | ThreatScoreIW | observed_src ready (rows=242, cols=37).
2026-04-24 07:15:24,322 | INFO | ThreatScoreIW | Reading Excel scores: Z:\HTOC\Data_Analytics\Data\Threat Assessment Scores\Threat_Assessment_Scores.xlsx
2026-04-24 07:15:25,699 | INFO | ThreatScoreIW | Loaded df (rows=3705, cols=16).
2026-04-24 07:15:25,703 | INFO | ThreatScoreIW | Filtered df by observed_src indicators: 3705 -> 233 rows.
2026-04-24 07:15:25,710 | INFO | ThreatScoreIW | Last Observed filter (ThreatConnect only, >= 2026-04-22 11:15:17.574237+00:00): 233 -> 233 rows.
2026-04-24 07:15:25,714 | INFO | ThreatScoreIW | Updated 'Last Observed' from observed_src.lastObserved (unique indicators=233).
H:\HTOC\notebooks\ThreatAssessment Scoring\ThreatScoreIW\ThreatScoreIW.py:429: DeprecationWarning: datetime.datetime.utcnow() is deprecated and scheduled for removal in a future version. Use timezone-aware objects to represent datetimes in UTC: datetime.datetime.now(datetime.UTC).
  today = datetime.utcnow()
2026-04-24 07:15:25,768 | INFO | ThreatScoreIW | OpDiv files to load: ['Z:/HTOC/Data_Analytics/Data/OpDiv_Observations/htoc_opdiv_obs_d20260424.csv', 'Z:/HTOC/Data_Analytics/Data/OpDiv_Observations/htoc_opdiv_obs_d20260423.csv']
2026-04-24 07:15:25,920 | INFO | ThreatScoreIW | Loaded OpDiv observations from 2 file(s), 4658 rows.
2026-04-24 07:15:25,961 | INFO | ThreatScoreIW | Multi-partner (2+ OpDiv) rows: 177
2026-04-24 07:15:25,963 | INFO | ThreatScoreIW | VT>=14 filter: 27 rows.
2026-04-24 07:15:25,965 | INFO | ThreatScoreIW | final_indicators (high/critical): 27 rows.
2026-04-24 07:15:26,369 | INFO | ThreatScoreIW | Writing Excel output: Z:\HTOC\Data_Analytics\Data\Threat Assessment Scores\ThreatAssessI_W\ThreatAssessI_W_20260424.xlsx
2026-04-24 07:15:26,453 | INFO | ThreatScoreIW | Excel write succeeded (total=27, I&W No=22, I&W Yes=5).
[Fri 04/24/2026  7:15:26.88] SUCCESS: ThreatScoreIW completed successfully
[Fri 04/24/2026  7:15:26.88] SUCCESS: Excel file found: Z:\HTOC\Data_Analytics\Data\Threat Assessment Scores\ThreatAssessI_W\ThreatAssessI_W_20260424.xlsx
[Fri 04/24/2026  7:15:26.97] Batch script completed successfully
