[Wed 05/06/2026  7:28:00.89] Starting ThreatScoreIW...
[Wed 05/06/2026  7:28:00.89] Log file: "H:\HTOC\notebooks\ThreatAssessment Scoring\ThreatScoreIW\logs\threatscoreiw_20260506_072800.log"
[Wed 05/06/2026  7:28:01.04] Installing required packages...
[Wed 05/06/2026  7:28:01.05] Attempting install from wheelhouse
Looking in links: \\10.1.4.22\data\HTOC\JA\wheelhouse
Requirement already satisfied: pandas in c:\users\jaskew\appdata\roaming\python\python313\site-packages (2.3.0)
Requirement already satisfied: openpyxl in c:\users\jaskew\appdata\roaming\python\python313\site-packages (3.1.5)
Requirement already satisfied: requests in c:\users\jaskew\appdata\roaming\python\python313\site-packages (2.32.4)
Requirement already satisfied: urllib3 in c:\users\jaskew\appdata\roaming\python\python313\site-packages (2.5.0)
Requirement already satisfied: pytz in c:\users\jaskew\appdata\roaming\python\python313\site-packages (2025.2)
Requirement already satisfied: numpy>=1.26.0 in c:\users\jaskew\appdata\roaming\python\python313\site-packages (from pandas) (2.3.1)
Requirement already satisfied: python-dateutil>=2.8.2 in c:\users\jaskew\appdata\roaming\python\python313\site-packages (from pandas) (2.9.0.post0)
Requirement already satisfied: tzdata>=2022.7 in c:\users\jaskew\appdata\roaming\python\python313\site-packages (from pandas) (2025.2)
Requirement already satisfied: et-xmlfile in c:\users\jaskew\appdata\roaming\python\python313\site-packages (from openpyxl) (2.0.0)
Requirement already satisfied: charset_normalizer<4,>=2 in c:\users\jaskew\appdata\roaming\python\python313\site-packages (from requests) (3.4.2)
Requirement already satisfied: idna<4,>=2.5 in c:\users\jaskew\appdata\roaming\python\python313\site-packages (from requests) (3.10)
Requirement already satisfied: certifi>=2017.4.17 in c:\users\jaskew\appdata\roaming\python\python313\site-packages (from requests) (2025.6.15)
Requirement already satisfied: six>=1.5 in c:\users\jaskew\appdata\roaming\python\python313\site-packages (from python-dateutil>=2.8.2->pandas) (1.17.0)
[Wed 05/06/2026  7:28:01.05] SUCCESS: Packages installed from wheelhouse
[Wed 05/06/2026  7:28:07.25] Executing ThreatScoreIW script...
2026-05-06 07:28:12,184 | INFO | ThreatScoreIW | Loaded config from: H:\HTOC\scripts\Data Movement\ThrearConnect-api-pull\utils\config.json
2026-05-06 07:28:12,185 | INFO | ThreatScoreIW | Base URL: https://hvs.threatconnect.com/api
2026-05-06 07:28:12,185 | INFO | ThreatScoreIW | Access ID: ****************0382
2026-05-06 07:28:12,186 | INFO | ThreatScoreIW | Default Org: HTOC Org
2026-05-06 07:28:12,186 | INFO | ThreatScoreIW | SSL verification disabled: True
2026-05-06 07:28:12,187 | INFO | ThreatScoreIW | ThreatConnect initialized.
2026-05-06 07:28:12,187 | INFO | ThreatScoreIW | RequestObject successfully created (owner=HTOC Org).
2026-05-06 07:28:13,368 | INFO | ThreatScoreIW | Querying indicators (QUERY_LOOKBACK_HOURS=48) cutoff=2026-05-04 11:28:13.368662+00:00 TQL lastObserved>=2026-05-04T11:28:13Z
2026-05-06 07:28:43,658 | INFO | ThreatScoreIW | Fetched 500 indicators (resultStart=0).
2026-05-06 07:34:40,811 | CRITICAL | threatconnect | Status Code: 401
2026-05-06 07:34:40,812 | CRITICAL | threatconnect | Failed API Response: b'{"message":"ERROR (Unauthorized): You are not authorized to perform the requested operation.","status":"Error"}'
2026-05-06 07:34:40,814 | ERROR | ThreatScoreIW | Failed to query indicators (resultStart=500).
Traceback (most recent call last):
  File "H:\HTOC\notebooks\ThreatAssessment Scoring\ThreatScoreIW\ThreatScoreIW.py", line 211, in <module>
    response = tc.api_request(ro_multi)
  File "Z:\HTOC\Data_Analytics\threatconnect\ThreatConnect.py", line 433, in api_request
    raise RuntimeError(api_response.content)
RuntimeError: b'{"message":"ERROR (Unauthorized): You are not authorized to perform the requested operation.","status":"Error"}'
2026-05-06 07:34:40,955 | INFO | ThreatScoreIW | Normalizing 500 indicator records.
2026-05-06 07:34:41,193 | INFO | ThreatScoreIW | Threat assess filter ((rating>=3 OR threatAssessRating>=3), confidence>=50) coalescing ('threatAssessRating', 'threatAssess.threatAssessRating') / ('threatAssessConfidence', 'threatAssess.threatAssessConfidence'): 349 -> 107 rows.
2026-05-06 07:34:41,194 | INFO | ThreatScoreIW | observed_src ready (rows=107, cols=34).
2026-05-06 07:34:41,195 | INFO | ThreatScoreIW | Reading Excel scores: Z:\HTOC\Data_Analytics\Data\Threat Assessment Scores\Threat_Assessment_Scores.xlsx
2026-05-06 07:34:43,042 | INFO | ThreatScoreIW | Loaded df (rows=3772, cols=18).
2026-05-06 07:34:43,044 | INFO | ThreatScoreIW | Filtered df by observed_src indicators: 3772 -> 107 rows.
2026-05-06 07:34:43,052 | INFO | ThreatScoreIW | Last Observed filter (ThreatConnect only, >= 2026-05-04 11:28:13.368662+00:00): 107 -> 107 rows.
2026-05-06 07:34:43,054 | INFO | ThreatScoreIW | Updated 'Last Observed' from observed_src.lastObserved (unique indicators=107).
H:\HTOC\notebooks\ThreatAssessment Scoring\ThreatScoreIW\ThreatScoreIW.py:429: DeprecationWarning: datetime.datetime.utcnow() is deprecated and scheduled for removal in a future version. Use timezone-aware objects to represent datetimes in UTC: datetime.datetime.now(datetime.UTC).
  today = datetime.utcnow()
2026-05-06 07:34:43,059 | INFO | ThreatScoreIW | OpDiv files to load: ['Z:/HTOC/Data_Analytics/Data/OpDiv_Observations/htoc_opdiv_obs_d20260506.csv', 'Z:/HTOC/Data_Analytics/Data/OpDiv_Observations/htoc_opdiv_obs_d20260505.csv']
2026-05-06 07:34:43,211 | INFO | ThreatScoreIW | Loaded OpDiv observations from 2 file(s), 5159 rows.
2026-05-06 07:34:43,258 | INFO | ThreatScoreIW | Multi-partner (2+ OpDiv) rows: 96
2026-05-06 07:34:43,259 | INFO | ThreatScoreIW | VT>=14 filter: 89 rows.
2026-05-06 07:34:43,261 | INFO | ThreatScoreIW | final_indicators (high/critical): 2 rows.
2026-05-06 07:34:43,580 | INFO | ThreatScoreIW | Writing Excel output: Z:\HTOC\Data_Analytics\Data\Threat Assessment Scores\ThreatAssessI_W\ThreatAssessI_W_20260506.xlsx
2026-05-06 07:34:43,660 | INFO | ThreatScoreIW | Excel write succeeded (total=2, I&W No=0, I&W Yes=2).
[Wed 05/06/2026  7:34:44.03] SUCCESS: ThreatScoreIW completed successfully
[Wed 05/06/2026  7:34:44.03] SUCCESS: Excel file found: \\10.1.4.22\data\HTOC\Data_Analytics\Data\Threat Assessment Scores\ThreatAssessI_W\ThreatAssessI_W_20260506.xlsx
[Wed 05/06/2026  7:34:44.27] Batch script completed successfully
