[Thu 05/21/2026 14:26:07.98] Starting ThreatScoreIW...
[Thu 05/21/2026 14:26:07.99] Log file: "\\cscso1fsappv01\home\jaskew\HTOC\notebooks\ThreatAssessment Scoring\ThreatScoreIW\logs\threatscoreiw_20260521_142607.log"
[Thu 05/21/2026 14:26:08.11] Installing required packages...
[Thu 05/21/2026 14:26:08.12] Attempting install from wheelhouse
Looking in links: \\10.1.4.22\data\HTOC\JA\wheelhouse
Requirement already satisfied: pandas in c:\users\jaskew\appdata\roaming\python\python313\site-packages (2.3.0)
Requirement already satisfied: openpyxl in c:\users\jaskew\appdata\roaming\python\python313\site-packages (3.1.5)
Requirement already satisfied: requests in c:\users\jaskew\appdata\roaming\python\python313\site-packages (2.32.4)
Requirement already satisfied: urllib3 in c:\users\jaskew\appdata\roaming\python\python313\site-packages (2.5.0)
Requirement already satisfied: pytz in c:\users\jaskew\appdata\roaming\python\python313\site-packages (2025.2)
Requirement already satisfied: numpy>=1.26.0 in c:\users\jaskew\appdata\roaming\python\python313\site-packages (from pandas) (2.3.1)
Requirement already satisfied: python-dateutil>=2.8.2 in c:\users\jaskew\appdata\roaming\python\python313\site-packages (from pandas) (2.9.0.post0)
Requirement already satisfied: tzdata>=2022.7 in c:\users\jaskew\appdata\roaming\python\python313\site-packages (from pandas) (2025.2)
Requirement already satisfied: et-xmlfile in c:\users\jaskew\appdata\roaming\python\python313\site-packages (from openpyxl) (2.0.0)
Requirement already satisfied: charset_normalizer<4,>=2 in c:\users\jaskew\appdata\roaming\python\python313\site-packages (from requests) (3.4.2)
Requirement already satisfied: idna<4,>=2.5 in c:\users\jaskew\appdata\roaming\python\python313\site-packages (from requests) (3.10)
Requirement already satisfied: certifi>=2017.4.17 in c:\users\jaskew\appdata\roaming\python\python313\site-packages (from requests) (2025.6.15)
Requirement already satisfied: six>=1.5 in c:\users\jaskew\appdata\roaming\python\python313\site-packages (from python-dateutil>=2.8.2->pandas) (1.17.0)
[Thu 05/21/2026 14:26:08.12] SUCCESS: Packages installed from wheelhouse
[Thu 05/21/2026 14:26:13.94] Executing ThreatScoreIW script...
2026-05-21 14:26:18,477 | INFO | ThreatScoreIW | Loaded config from: H:\HTOC\scripts\Data Movement\ThrearConnect-api-pull\utils\config.json
2026-05-21 14:26:18,478 | INFO | ThreatScoreIW | Base URL: https://hvs.threatconnect.com/api
2026-05-21 14:26:18,479 | INFO | ThreatScoreIW | Access ID: ****************0382
2026-05-21 14:26:18,480 | INFO | ThreatScoreIW | Default Org: HTOC Org
2026-05-21 14:26:18,480 | INFO | ThreatScoreIW | SSL verification disabled: True
2026-05-21 14:26:18,481 | INFO | ThreatScoreIW | ThreatConnect initialized.
2026-05-21 14:26:18,482 | INFO | ThreatScoreIW | RequestObject successfully created (owner=HTOC Org).
2026-05-21 14:26:19,707 | INFO | ThreatScoreIW | Querying indicators (QUERY_LOOKBACK_HOURS=48) cutoff=2026-05-19 18:26:19.706721+00:00 TQL lastObserved>=2026-05-19T18:26:19Z
2026-05-21 14:26:22,361 | INFO | ThreatScoreIW | Fetched 500 indicators (resultStart=0).
2026-05-21 14:26:24,516 | INFO | ThreatScoreIW | Fetched 500 indicators (resultStart=500).
2026-05-21 14:26:26,113 | INFO | ThreatScoreIW | Fetched 423 indicators (resultStart=1000).
2026-05-21 14:26:26,272 | INFO | ThreatScoreIW | Indicator query complete (pages=3).
2026-05-21 14:26:26,273 | INFO | ThreatScoreIW | Normalizing 1423 indicator records.
2026-05-21 14:26:26,336 | INFO | ThreatScoreIW | Threat assess filter ((rating>=3 OR threatAssessRating>=3), confidence>=50) coalescing ('threatAssessRating', 'threatAssess.threatAssessRating', 'rating') / ('threatAssessConfidence', 'threatAssess.threatAssessConfidence', 'confidence'): 855 -> 297 rows.
2026-05-21 14:26:26,336 | INFO | ThreatScoreIW | observed_src ready (rows=297, cols=37).
2026-05-21 14:26:26,337 | INFO | ThreatScoreIW | Reading Excel scores: Z:\HTOC\Data_Analytics\Data\Threat Assessment Scores\Threat_Assessment_Scores.xlsx
2026-05-21 14:26:28,372 | INFO | ThreatScoreIW | Loaded df (rows=3843, cols=18).
2026-05-21 14:26:28,374 | INFO | ThreatScoreIW | Filtered df by observed_src indicators: 3843 -> 288 rows.
2026-05-21 14:26:28,383 | INFO | ThreatScoreIW | Last Observed filter (ThreatConnect only, >= 2026-05-19 18:26:19.706721+00:00): 288 -> 288 rows.
2026-05-21 14:26:28,385 | INFO | ThreatScoreIW | Updated 'Last Observed' from observed_src.lastObserved (unique indicators=288).
\\cscso1fsappv01\home\jaskew\HTOC\notebooks\ThreatAssessment Scoring\ThreatScoreIW\ThreatScoreIW.py:436: DeprecationWarning: datetime.datetime.utcnow() is deprecated and scheduled for removal in a future version. Use timezone-aware objects to represent datetimes in UTC: datetime.datetime.now(datetime.UTC).
  today = datetime.utcnow()
2026-05-21 14:26:28,399 | INFO | ThreatScoreIW | OpDiv files to load: ['Z:/HTOC/Data_Analytics/Data/OpDiv_Observations/htoc_opdiv_obs_d20260521.csv', 'Z:/HTOC/Data_Analytics/Data/OpDiv_Observations/htoc_opdiv_obs_d20260520.csv']
2026-05-21 14:26:28,512 | INFO | ThreatScoreIW | Loaded OpDiv observations from 2 file(s), 5041 rows.
2026-05-21 14:26:28,612 | INFO | ThreatScoreIW | Multi-partner (2+ OpDiv) rows: 216
2026-05-21 14:26:28,614 | INFO | ThreatScoreIW | VT>=14 filter: 193 rows.
2026-05-21 14:26:28,616 | INFO | ThreatScoreIW | final_indicators (high/critical): 3 rows.
2026-05-21 14:26:28,803 | INFO | ThreatScoreIW | Writing Excel output: Z:\HTOC\Data_Analytics\Data\Threat Assessment Scores\ThreatAssessI_W\ThreatAssessI_W_20260521.xlsx
2026-05-21 14:26:28,931 | INFO | ThreatScoreIW | Excel write succeeded (total=3, I&W No=0, I&W Yes=3).
[Thu 05/21/2026 14:26:29.45] SUCCESS: ThreatScoreIW completed successfully
[Thu 05/21/2026 14:26:29.45] SUCCESS: Excel file found: \\10.1.4.22\data\HTOC\Data_Analytics\Data\Threat Assessment Scores\ThreatAssessI_W\ThreatAssessI_W_20260521.xlsx
[Thu 05/21/2026 14:26:29.76] Batch script completed successfully
