[Wed 05/13/2026  7:24:00.34] Starting ThreatScoreIW...
[Wed 05/13/2026  7:24:00.35] Log file: "H:\HTOC\notebooks\ThreatAssessment Scoring\ThreatScoreIW\logs\threatscoreiw_20260513_072400.log"
[Wed 05/13/2026  7:24:00.39] Installing required packages...
[Wed 05/13/2026  7:24:00.40] Attempting install from wheelhouse
Looking in links: \\10.1.4.22\data\HTOC\JA\wheelhouse
Requirement already satisfied: pandas in c:\users\jaskew\appdata\roaming\python\python313\site-packages (2.3.0)
Requirement already satisfied: openpyxl in c:\users\jaskew\appdata\roaming\python\python313\site-packages (3.1.5)
Requirement already satisfied: requests in c:\users\jaskew\appdata\roaming\python\python313\site-packages (2.32.4)
Requirement already satisfied: urllib3 in c:\users\jaskew\appdata\roaming\python\python313\site-packages (2.5.0)
Requirement already satisfied: pytz in c:\users\jaskew\appdata\roaming\python\python313\site-packages (2025.2)
Requirement already satisfied: numpy>=1.26.0 in c:\users\jaskew\appdata\roaming\python\python313\site-packages (from pandas) (2.3.1)
Requirement already satisfied: python-dateutil>=2.8.2 in c:\users\jaskew\appdata\roaming\python\python313\site-packages (from pandas) (2.9.0.post0)
Requirement already satisfied: tzdata>=2022.7 in c:\users\jaskew\appdata\roaming\python\python313\site-packages (from pandas) (2025.2)
Requirement already satisfied: et-xmlfile in c:\users\jaskew\appdata\roaming\python\python313\site-packages (from openpyxl) (2.0.0)
Requirement already satisfied: charset_normalizer<4,>=2 in c:\users\jaskew\appdata\roaming\python\python313\site-packages (from requests) (3.4.2)
Requirement already satisfied: idna<4,>=2.5 in c:\users\jaskew\appdata\roaming\python\python313\site-packages (from requests) (3.10)
Requirement already satisfied: certifi>=2017.4.17 in c:\users\jaskew\appdata\roaming\python\python313\site-packages (from requests) (2025.6.15)
Requirement already satisfied: six>=1.5 in c:\users\jaskew\appdata\roaming\python\python313\site-packages (from python-dateutil>=2.8.2->pandas) (1.17.0)
[Wed 05/13/2026  7:24:00.40] SUCCESS: Packages installed from wheelhouse
[Wed 05/13/2026  7:24:07.49] Executing ThreatScoreIW script...
2026-05-13 07:24:12,330 | INFO | ThreatScoreIW | Loaded config from: H:\HTOC\scripts\Data Movement\ThrearConnect-api-pull\utils\config.json
2026-05-13 07:24:12,331 | INFO | ThreatScoreIW | Base URL: https://hvs.threatconnect.com/api
2026-05-13 07:24:12,331 | INFO | ThreatScoreIW | Access ID: ****************0382
2026-05-13 07:24:12,332 | INFO | ThreatScoreIW | Default Org: HTOC Org
2026-05-13 07:24:12,332 | INFO | ThreatScoreIW | SSL verification disabled: True
2026-05-13 07:24:12,333 | INFO | ThreatScoreIW | ThreatConnect initialized.
2026-05-13 07:24:12,333 | INFO | ThreatScoreIW | RequestObject successfully created (owner=HTOC Org).
2026-05-13 07:24:13,633 | INFO | ThreatScoreIW | Querying indicators (QUERY_LOOKBACK_HOURS=48) cutoff=2026-05-11 11:24:13.633079+00:00 TQL lastObserved>=2026-05-11T11:24:13Z
2026-05-13 07:24:16,005 | INFO | ThreatScoreIW | Fetched 500 indicators (resultStart=0).
2026-05-13 07:24:17,790 | INFO | ThreatScoreIW | Fetched 500 indicators (resultStart=500).
2026-05-13 07:24:18,973 | INFO | ThreatScoreIW | Fetched 335 indicators (resultStart=1000).
2026-05-13 07:24:19,152 | INFO | ThreatScoreIW | Indicator query complete (pages=3).
2026-05-13 07:24:19,156 | INFO | ThreatScoreIW | Normalizing 1335 indicator records.
2026-05-13 07:24:19,251 | INFO | ThreatScoreIW | Threat assess filter ((rating>=3 OR threatAssessRating>=3), confidence>=50) coalescing ('threatAssessRating', 'threatAssess.threatAssessRating') / ('threatAssessConfidence', 'threatAssess.threatAssessConfidence'): 812 -> 224 rows.
2026-05-13 07:24:19,252 | INFO | ThreatScoreIW | observed_src ready (rows=224, cols=36).
2026-05-13 07:24:19,253 | INFO | ThreatScoreIW | Reading Excel scores: Z:\HTOC\Data_Analytics\Data\Threat Assessment Scores\Threat_Assessment_Scores.xlsx
2026-05-13 07:24:20,713 | INFO | ThreatScoreIW | Loaded df (rows=3814, cols=18).
2026-05-13 07:24:20,716 | INFO | ThreatScoreIW | Filtered df by observed_src indicators: 3814 -> 221 rows.
2026-05-13 07:24:20,730 | INFO | ThreatScoreIW | Last Observed filter (ThreatConnect only, >= 2026-05-11 11:24:13.633079+00:00): 221 -> 221 rows.
2026-05-13 07:24:20,733 | INFO | ThreatScoreIW | Updated 'Last Observed' from observed_src.lastObserved (unique indicators=221).
H:\HTOC\notebooks\ThreatAssessment Scoring\ThreatScoreIW\ThreatScoreIW.py:429: DeprecationWarning: datetime.datetime.utcnow() is deprecated and scheduled for removal in a future version. Use timezone-aware objects to represent datetimes in UTC: datetime.datetime.now(datetime.UTC).
  today = datetime.utcnow()
2026-05-13 07:24:20,740 | INFO | ThreatScoreIW | OpDiv files to load: ['Z:/HTOC/Data_Analytics/Data/OpDiv_Observations/htoc_opdiv_obs_d20260513.csv', 'Z:/HTOC/Data_Analytics/Data/OpDiv_Observations/htoc_opdiv_obs_d20260512.csv']
2026-05-13 07:24:20,778 | INFO | ThreatScoreIW | Loaded OpDiv observations from 2 file(s), 4739 rows.
2026-05-13 07:24:20,811 | INFO | ThreatScoreIW | Multi-partner (2+ OpDiv) rows: 178
2026-05-13 07:24:20,814 | INFO | ThreatScoreIW | VT>=14 filter: 152 rows.
2026-05-13 07:24:20,817 | INFO | ThreatScoreIW | final_indicators (high/critical): 6 rows.
2026-05-13 07:24:21,005 | INFO | ThreatScoreIW | Writing Excel output: Z:\HTOC\Data_Analytics\Data\Threat Assessment Scores\ThreatAssessI_W\ThreatAssessI_W_20260513.xlsx
2026-05-13 07:24:21,064 | INFO | ThreatScoreIW | Excel write succeeded (total=6, I&W No=2, I&W Yes=4).
[Wed 05/13/2026  7:24:21.42] SUCCESS: ThreatScoreIW completed successfully
[Wed 05/13/2026  7:24:21.42] SUCCESS: Excel file found: \\10.1.4.22\data\HTOC\Data_Analytics\Data\Threat Assessment Scores\ThreatAssessI_W\ThreatAssessI_W_20260513.xlsx
[Wed 05/13/2026  7:24:21.46] Batch script completed successfully
